{"/home/adrian/Private/deel-assignment/apps/api/src/app.controller.ts":{"path":"/home/adrian/Private/deel-assignment/apps/api/src/app.controller.ts","statementMap":{"0":{"start":{"line":1,"column":0},"end":{"line":1,"column":49}},"1":{"start":{"line":2,"column":0},"end":{"line":2,"column":43}},"2":{"start":{"line":5,"column":0},"end":{"line":15,"column":null}},"3":{"start":{"line":6,"column":31},"end":{"line":6,"column":43}},"4":{"start":{"line":13,"column":4},"end":{"line":13,"column":38}},"5":{"start":{"line":12,"column":2},"end":{"line":14,"column":null}},"6":{"start":{"line":5,"column":13},"end":{"line":15,"column":null}},"7":{"start":{"line":5,"column":13},"end":{"line":5,"column":26}}},"fnMap":{"0":{"name":"(anonymous_2)","decl":{"start":{"line":6,"column":2},"end":{"line":6,"column":31}},"loc":{"start":{"line":6,"column":53},"end":{"line":6,"column":57}}},"1":{"name":"(anonymous_3)","decl":{"start":{"line":12,"column":2},"end":{"line":12,"column":11}},"loc":{"start":{"line":12,"column":11},"end":{"line":14,"column":3}}}},"branchMap":{},"s":{"0":1,"1":1,"2":1,"3":16,"4":0,"5":1,"6":1,"7":1},"f":{"0":16,"1":0},"b":{}},"/home/adrian/Private/deel-assignment/apps/api/src/app.module.ts":{"path":"/home/adrian/Private/deel-assignment/apps/api/src/app.module.ts","statementMap":{"0":{"start":{"line":1,"column":0},"end":{"line":1,"column":40}},"1":{"start":{"line":2,"column":0},"end":{"line":2,"column":49}},"2":{"start":{"line":3,"column":0},"end":{"line":3,"column":43}},"3":{"start":{"line":4,"column":0},"end":{"line":4,"column":41}},"4":{"start":{"line":5,"column":0},"end":{"line":5,"column":48}},"5":{"start":{"line":6,"column":0},"end":{"line":6,"column":88}},"6":{"start":{"line":7,"column":0},"end":{"line":7,"column":50}},"7":{"start":{"line":8,"column":0},"end":{"line":8,"column":65}},"8":{"start":{"line":9,"column":0},"end":{"line":9,"column":62}},"9":{"start":{"line":10,"column":0},"end":{"line":10,"column":79}},"10":{"start":{"line":11,"column":0},"end":{"line":11,"column":84}},"11":{"start":{"line":12,"column":0},"end":{"line":12,"column":70}},"12":{"start":{"line":13,"column":0},"end":{"line":13,"column":29}},"13":{"start":{"line":15,"column":0},"end":{"line":15,"column":57}},"14":{"start":{"line":17,"column":16},"end":{"line":28,"column":2}},"15":{"start":{"line":22,"column":61},"end":{"line":22,"column":77}},"16":{"start":{"line":30,"column":0},"end":{"line":43,"column":null}},"17":{"start":{"line":31,"column":2},"end":{"line":36,"column":4}},"18":{"start":{"line":37,"column":2},"end":{"line":42,"column":4}},"19":{"start":{"line":50,"column":0},"end":{"line":50,"column":null}},"20":{"start":{"line":50,"column":13},"end":{"line":50,"column":null}},"21":{"start":{"line":50,"column":13},"end":{"line":50,"column":22}}},"fnMap":{"0":{"name":"(anonymous_1)","decl":{"start":{"line":22,"column":16},"end":{"line":22,"column":17}},"loc":{"start":{"line":22,"column":61},"end":{"line":22,"column":77}}}},"branchMap":{"0":{"loc":{"start":{"line":30,"column":0},"end":{"line":43,"column":null}},"type":"if","locations":[{"start":{"line":30,"column":0},"end":{"line":43,"column":null}}]}},"s":{"0":1,"1":1,"2":1,"3":1,"4":1,"5":1,"6":1,"7":1,"8":1,"9":1,"10":1,"11":1,"12":1,"13":1,"14":1,"15":16,"16":1,"17":1,"18":1,"19":1,"20":1,"21":1},"f":{"0":16},"b":{"0":[1]}},"/home/adrian/Private/deel-assignment/apps/api/src/app.service.ts":{"path":"/home/adrian/Private/deel-assignment/apps/api/src/app.service.ts","statementMap":{"0":{"start":{"line":1,"column":0},"end":{"line":1,"column":44}},"1":{"start":{"line":4,"column":0},"end":{"line":8,"column":null}},"2":{"start":{"line":6,"column":4},"end":{"line":6,"column":26}},"3":{"start":{"line":4,"column":13},"end":{"line":8,"column":null}},"4":{"start":{"line":4,"column":13},"end":{"line":4,"column":23}}},"fnMap":{"0":{"name":"(anonymous_1)","decl":{"start":{"line":5,"column":2},"end":{"line":5,"column":10}},"loc":{"start":{"line":5,"column":10},"end":{"line":7,"column":3}}}},"branchMap":{},"s":{"0":1,"1":1,"2":0,"3":1,"4":1},"f":{"0":0},"b":{}},"/home/adrian/Private/deel-assignment/apps/api/src/contract/consts.ts":{"path":"/home/adrian/Private/deel-assignment/apps/api/src/contract/consts.ts","statementMap":{"0":{"start":{"line":1,"column":13},"end":{"line":1,"column":38}},"1":{"start":{"line":3,"column":13},"end":{"line":6,"column":2}},"2":{"start":{"line":8,"column":0},"end":{"line":8,"column":null}},"3":{"start":{"line":9,"column":2},"end":{"line":9,"column":null}},"4":{"start":{"line":10,"column":2},"end":{"line":10,"column":null}},"5":{"start":{"line":11,"column":2},"end":{"line":11,"column":null}},"6":{"start":{"line":14,"column":0},"end":{"line":14,"column":null}},"7":{"start":{"line":15,"column":2},"end":{"line":15,"column":null}},"8":{"start":{"line":16,"column":2},"end":{"line":16,"column":null}}},"fnMap":{"0":{"name":"(anonymous_0)","decl":{"start":{"line":8,"column":0},"end":{"line":8,"column":12}},"loc":{"start":{"line":8,"column":26},"end":{"line":12,"column":1}}},"1":{"name":"(anonymous_1)","decl":{"start":{"line":14,"column":0},"end":{"line":14,"column":12}},"loc":{"start":{"line":14,"column":16},"end":{"line":17,"column":1}}}},"branchMap":{"0":{"loc":{"start":{"line":8,"column":12},"end":{"line":8,"column":null}},"type":"binary-expr","locations":[{"start":{"line":8,"column":12},"end":{"line":8,"column":26}},{"start":{"line":8,"column":12},"end":{"line":8,"column":null}}]},"1":{"loc":{"start":{"line":14,"column":12},"end":{"line":14,"column":null}},"type":"binary-expr","locations":[{"start":{"line":14,"column":12},"end":{"line":14,"column":16}},{"start":{"line":14,"column":12},"end":{"line":14,"column":null}}]}},"s":{"0":1,"1":1,"2":1,"3":1,"4":1,"5":1,"6":1,"7":1,"8":1},"f":{"0":1,"1":1},"b":{"0":[1,1],"1":[1,1]}},"/home/adrian/Private/deel-assignment/apps/api/src/contract/contracts.module.ts":{"path":"/home/adrian/Private/deel-assignment/apps/api/src/contract/contracts.module.ts","statementMap":{"0":{"start":{"line":1,"column":0},"end":{"line":1,"column":79}},"1":{"start":{"line":2,"column":0},"end":{"line":2,"column":40}},"2":{"start":{"line":3,"column":0},"end":{"line":3,"column":71}},"3":{"start":{"line":4,"column":0},"end":{"line":4,"column":58}},"4":{"start":{"line":5,"column":0},"end":{"line":5,"column":48}},"5":{"start":{"line":6,"column":0},"end":{"line":6,"column":59}},"6":{"start":{"line":7,"column":0},"end":{"line":7,"column":77}},"7":{"start":{"line":8,"column":0},"end":{"line":8,"column":75}},"8":{"start":{"line":9,"column":0},"end":{"line":9,"column":54}},"9":{"start":{"line":10,"column":0},"end":{"line":10,"column":72}},"10":{"start":{"line":23,"column":0},"end":{"line":23,"column":null}},"11":{"start":{"line":23,"column":13},"end":{"line":23,"column":null}},"12":{"start":{"line":23,"column":13},"end":{"line":23,"column":28}}},"fnMap":{},"branchMap":{},"s":{"0":1,"1":1,"2":1,"3":1,"4":1,"5":1,"6":1,"7":1,"8":1,"9":1,"10":1,"11":1,"12":1},"f":{},"b":{}},"/home/adrian/Private/deel-assignment/apps/api/src/contract/contracts.providers.ts":{"path":"/home/adrian/Private/deel-assignment/apps/api/src/contract/contracts.providers.ts","statementMap":{"0":{"start":{"line":1,"column":0},"end":{"line":1,"column":75}},"1":{"start":{"line":2,"column":0},"end":{"line":2,"column":61}},"2":{"start":{"line":3,"column":0},"end":{"line":3,"column":69}},"3":{"start":{"line":4,"column":0},"end":{"line":4,"column":77}},"4":{"start":{"line":5,"column":0},"end":{"line":5,"column":64}},"5":{"start":{"line":6,"column":0},"end":{"line":6,"column":83}},"6":{"start":{"line":7,"column":0},"end":{"line":7,"column":71}},"7":{"start":{"line":8,"column":0},"end":{"line":8,"column":51}},"8":{"start":{"line":9,"column":0},"end":{"line":9,"column":86}},"9":{"start":{"line":10,"column":0},"end":{"line":10,"column":85}},"10":{"start":{"line":11,"column":0},"end":{"line":11,"column":73}},"11":{"start":{"line":13,"column":13},"end":{"line":36,"column":2}},"12":{"start":{"line":33,"column":6},"end":{"line":33,"column":41}}},"fnMap":{"0":{"name":"(anonymous_0)","decl":{"start":{"line":32,"column":16},"end":{"line":32,"column":17}},"loc":{"start":{"line":33,"column":6},"end":{"line":33,"column":41}}}},"branchMap":{},"s":{"0":1,"1":1,"2":1,"3":1,"4":1,"5":1,"6":1,"7":1,"8":1,"9":1,"10":1,"11":1,"12":16},"f":{"0":16},"b":{}},"/home/adrian/Private/deel-assignment/apps/api/src/contract/controllers/contract.controller.ts":{"path":"/home/adrian/Private/deel-assignment/apps/api/src/contract/controllers/contract.controller.ts","statementMap":{"0":{"start":{"line":1,"column":0},"end":{"line":1,"column":71}},"1":{"start":{"line":3,"column":0},"end":{"line":3,"column":82}},"2":{"start":{"line":4,"column":0},"end":{"line":4,"column":null}},"3":{"start":{"line":20,"column":0},"end":{"line":20,"column":42}},"4":{"start":{"line":21,"column":0},"end":{"line":21,"column":82}},"5":{"start":{"line":23,"column":0},"end":{"line":23,"column":50}},"6":{"start":{"line":24,"column":0},"end":{"line":24,"column":82}},"7":{"start":{"line":25,"column":0},"end":{"line":25,"column":39}},"8":{"start":{"line":27,"column":0},"end":{"line":27,"column":78}},"9":{"start":{"line":28,"column":0},"end":{"line":28,"column":76}},"10":{"start":{"line":29,"column":0},"end":{"line":29,"column":73}},"11":{"start":{"line":30,"column":0},"end":{"line":30,"column":71}},"12":{"start":{"line":32,"column":0},"end":{"line":32,"column":55}},"13":{"start":{"line":33,"column":0},"end":{"line":33,"column":87}},"14":{"start":{"line":34,"column":0},"end":{"line":34,"column":95}},"15":{"start":{"line":35,"column":0},"end":{"line":35,"column":82}},"16":{"start":{"line":36,"column":0},"end":{"line":36,"column":72}},"17":{"start":{"line":37,"column":0},"end":{"line":37,"column":74}},"18":{"start":{"line":44,"column":0},"end":{"line":143,"column":null}},"19":{"start":{"line":46,"column":21},"end":{"line":46,"column":30}},"20":{"start":{"line":47,"column":21},"end":{"line":47,"column":29}},"21":{"start":{"line":68,"column":21},"end":{"line":68,"column":49}},"22":{"start":{"line":70,"column":19},"end":{"line":70,"column":60}},"23":{"start":{"line":71,"column":4},"end":{"line":71,"column":37}},"24":{"start":{"line":90,"column":21},"end":{"line":90,"column":52}},"25":{"start":{"line":92,"column":17},"end":{"line":92,"column":63}},"26":{"start":{"line":93,"column":4},"end":{"line":93,"column":44}},"27":{"start":{"line":109,"column":19},"end":{"line":109,"column":50}},"28":{"start":{"line":110,"column":4},"end":{"line":110,"column":37}},"29":{"start":{"line":127,"column":19},"end":{"line":127,"column":60}},"30":{"start":{"line":128,"column":4},"end":{"line":128,"column":37}},"31":{"start":{"line":141,"column":4},"end":{"line":141,"column":41}},"32":{"start":{"line":64,"column":2},"end":{"line":72,"column":null}},"33":{"start":{"line":58,"column":22},"end":{"line":58,"column":47}},"34":{"start":{"line":61,"column":22},"end":{"line":61,"column":40}},"35":{"start":{"line":86,"column":2},"end":{"line":94,"column":null}},"36":{"start":{"line":83,"column":22},"end":{"line":83,"column":40}},"37":{"start":{"line":108,"column":2},"end":{"line":111,"column":null}},"38":{"start":{"line":102,"column":22},"end":{"line":102,"column":41}},"39":{"start":{"line":105,"column":22},"end":{"line":105,"column":46}},"40":{"start":{"line":123,"column":2},"end":{"line":129,"column":null}},"41":{"start":{"line":120,"column":22},"end":{"line":120,"column":41}},"42":{"start":{"line":140,"column":2},"end":{"line":142,"column":null}},"43":{"start":{"line":137,"column":22},"end":{"line":137,"column":47}},"44":{"start":{"line":44,"column":13},"end":{"line":143,"column":null}},"45":{"start":{"line":41,"column":20},"end":{"line":41,"column":48}},"46":{"start":{"line":44,"column":13},"end":{"line":44,"column":31}}},"fnMap":{"0":{"name":"(anonymous_4)","decl":{"start":{"line":45,"column":2},"end":{"line":45,"column":null}},"loc":{"start":{"line":47,"column":45},"end":{"line":48,"column":6}}},"1":{"name":"(anonymous_5)","decl":{"start":{"line":64,"column":2},"end":{"line":64,"column":7}},"loc":{"start":{"line":66,"column":28},"end":{"line":72,"column":3}}},"2":{"name":"(anonymous_6)","decl":{"start":{"line":86,"column":2},"end":{"line":86,"column":7}},"loc":{"start":{"line":88,"column":45},"end":{"line":94,"column":3}}},"3":{"name":"(anonymous_7)","decl":{"start":{"line":108,"column":2},"end":{"line":108,"column":7}},"loc":{"start":{"line":108,"column":46},"end":{"line":111,"column":3}}},"4":{"name":"(anonymous_8)","decl":{"start":{"line":123,"column":2},"end":{"line":123,"column":7}},"loc":{"start":{"line":125,"column":41},"end":{"line":129,"column":3}}},"5":{"name":"(anonymous_9)","decl":{"start":{"line":140,"column":2},"end":{"line":140,"column":7}},"loc":{"start":{"line":140,"column":37},"end":{"line":142,"column":3}}},"6":{"name":"(anonymous_10)","decl":{"start":{"line":58,"column":16},"end":{"line":58,"column":19}},"loc":{"start":{"line":58,"column":22},"end":{"line":58,"column":47}}},"7":{"name":"(anonymous_11)","decl":{"start":{"line":61,"column":16},"end":{"line":61,"column":19}},"loc":{"start":{"line":61,"column":22},"end":{"line":61,"column":40}}},"8":{"name":"(anonymous_12)","decl":{"start":{"line":83,"column":16},"end":{"line":83,"column":19}},"loc":{"start":{"line":83,"column":22},"end":{"line":83,"column":40}}},"9":{"name":"(anonymous_13)","decl":{"start":{"line":102,"column":16},"end":{"line":102,"column":19}},"loc":{"start":{"line":102,"column":22},"end":{"line":102,"column":41}}},"10":{"name":"(anonymous_14)","decl":{"start":{"line":105,"column":16},"end":{"line":105,"column":19}},"loc":{"start":{"line":105,"column":22},"end":{"line":105,"column":46}}},"11":{"name":"(anonymous_15)","decl":{"start":{"line":120,"column":16},"end":{"line":120,"column":19}},"loc":{"start":{"line":120,"column":22},"end":{"line":120,"column":41}}},"12":{"name":"(anonymous_16)","decl":{"start":{"line":137,"column":16},"end":{"line":137,"column":19}},"loc":{"start":{"line":137,"column":22},"end":{"line":137,"column":47}}},"13":{"name":"(anonymous_17)","decl":{"start":{"line":41,"column":14},"end":{"line":41,"column":17}},"loc":{"start":{"line":41,"column":20},"end":{"line":41,"column":48}}}},"branchMap":{},"s":{"0":1,"1":1,"2":1,"3":1,"4":1,"5":1,"6":1,"7":1,"8":1,"9":1,"10":1,"11":1,"12":1,"13":1,"14":1,"15":1,"16":1,"17":1,"18":1,"19":32,"20":32,"21":1,"22":1,"23":1,"24":10,"25":10,"26":10,"27":1,"28":1,"29":4,"30":4,"31":1,"32":1,"33":1,"34":1,"35":1,"36":1,"37":1,"38":1,"39":1,"40":1,"41":1,"42":1,"43":1,"44":1,"45":1,"46":1},"f":{"0":32,"1":1,"2":10,"3":1,"4":4,"5":1,"6":1,"7":1,"8":1,"9":1,"10":1,"11":1,"12":1,"13":1},"b":{}},"/home/adrian/Private/deel-assignment/apps/api/src/contract/dao/contracts.dao.ts":{"path":"/home/adrian/Private/deel-assignment/apps/api/src/contract/dao/contracts.dao.ts","statementMap":{"0":{"start":{"line":1,"column":0},"end":{"line":1,"column":73}},"1":{"start":{"line":3,"column":0},"end":{"line":3,"column":55}},"2":{"start":{"line":4,"column":0},"end":{"line":4,"column":87}},"3":{"start":{"line":6,"column":0},"end":{"line":6,"column":75}},"4":{"start":{"line":7,"column":0},"end":{"line":7,"column":45}},"5":{"start":{"line":9,"column":0},"end":{"line":9,"column":53}},"6":{"start":{"line":10,"column":0},"end":{"line":10,"column":44}},"7":{"start":{"line":11,"column":0},"end":{"line":11,"column":51}},"8":{"start":{"line":12,"column":0},"end":{"line":12,"column":57}},"9":{"start":{"line":18,"column":0},"end":{"line":113,"column":null}},"10":{"start":{"line":23,"column":4},"end":{"line":23,"column":12}},"11":{"start":{"line":21,"column":21},"end":{"line":21,"column":41}},"12":{"start":{"line":27,"column":4},"end":{"line":27,"column":54}},"13":{"start":{"line":31,"column":21},"end":{"line":31,"column":49}},"14":{"start":{"line":32,"column":21},"end":{"line":32,"column":55}},"15":{"start":{"line":34,"column":19},"end":{"line":34,"column":65}},"16":{"start":{"line":35,"column":4},"end":{"line":35,"column":20}},"17":{"start":{"line":53,"column":8},"end":{"line":53,"column":16}},"18":{"start":{"line":55,"column":26},"end":{"line":72,"column":6}},"19":{"start":{"line":74,"column":4},"end":{"line":79,"column":7}},"20":{"start":{"line":83,"column":29},"end":{"line":83,"column":37}},"21":{"start":{"line":84,"column":4},"end":{"line":90,"column":7}},"22":{"start":{"line":94,"column":21},"end":{"line":94,"column":49}},"23":{"start":{"line":96,"column":4},"end":{"line":98,"column":null}},"24":{"start":{"line":97,"column":6},"end":{"line":97,"column":64}},"25":{"start":{"line":100,"column":4},"end":{"line":100,"column":20}},"26":{"start":{"line":104,"column":21},"end":{"line":104,"column":49}},"27":{"start":{"line":106,"column":21},"end":{"line":106,"column":55}},"28":{"start":{"line":108,"column":4},"end":{"line":111,"column":7}},"29":{"start":{"line":18,"column":13},"end":{"line":113,"column":null}},"30":{"start":{"line":18,"column":13},"end":{"line":18,"column":25}}},"fnMap":{"0":{"name":"(anonymous_4)","decl":{"start":{"line":19,"column":2},"end":{"line":19,"column":null}},"loc":{"start":{"line":21,"column":61},"end":{"line":24,"column":3}}},"1":{"name":"(anonymous_5)","decl":{"start":{"line":26,"column":2},"end":{"line":26,"column":7}},"loc":{"start":{"line":26,"column":40},"end":{"line":28,"column":3}}},"2":{"name":"(anonymous_6)","decl":{"start":{"line":30,"column":2},"end":{"line":30,"column":7}},"loc":{"start":{"line":30,"column":27},"end":{"line":36,"column":3}}},"3":{"name":"(anonymous_7)","decl":{"start":{"line":38,"column":2},"end":{"line":38,"column":7}},"loc":{"start":{"line":39,"column":35},"end":{"line":80,"column":3}}},"4":{"name":"(anonymous_8)","decl":{"start":{"line":82,"column":2},"end":{"line":82,"column":7}},"loc":{"start":{"line":82,"column":42},"end":{"line":91,"column":3}}},"5":{"name":"(anonymous_9)","decl":{"start":{"line":93,"column":2},"end":{"line":93,"column":7}},"loc":{"start":{"line":93,"column":48},"end":{"line":101,"column":3}}},"6":{"name":"(anonymous_10)","decl":{"start":{"line":103,"column":2},"end":{"line":103,"column":7}},"loc":{"start":{"line":103,"column":54},"end":{"line":112,"column":3}}}},"branchMap":{"0":{"loc":{"start":{"line":60,"column":12},"end":{"line":60,"column":34}},"type":"binary-expr","locations":[{"start":{"line":60,"column":12},"end":{"line":60,"column":15}},{"start":{"line":60,"column":19},"end":{"line":60,"column":34}}]},"1":{"loc":{"start":{"line":61,"column":12},"end":{"line":61,"column":44}},"type":"binary-expr","locations":[{"start":{"line":61,"column":12},"end":{"line":61,"column":18}},{"start":{"line":61,"column":22},"end":{"line":61,"column":44}}]},"2":{"loc":{"start":{"line":62,"column":12},"end":{"line":62,"column":62}},"type":"binary-expr","locations":[{"start":{"line":62,"column":12},"end":{"line":62,"column":23}},{"start":{"line":62,"column":27},"end":{"line":62,"column":62}}]},"3":{"loc":{"start":{"line":63,"column":12},"end":{"line":63,"column":52}},"type":"binary-expr","locations":[{"start":{"line":63,"column":12},"end":{"line":63,"column":20}},{"start":{"line":63,"column":24},"end":{"line":63,"column":52}}]},"4":{"loc":{"start":{"line":64,"column":12},"end":{"line":66,"column":10}},"type":"binary-expr","locations":[{"start":{"line":64,"column":12},"end":{"line":64,"column":38}},{"start":{"line":64,"column":42},"end":{"line":66,"column":10}}]},"5":{"loc":{"start":{"line":67,"column":12},"end":{"line":69,"column":10}},"type":"binary-expr","locations":[{"start":{"line":67,"column":12},"end":{"line":67,"column":40}},{"start":{"line":67,"column":44},"end":{"line":69,"column":10}}]},"6":{"loc":{"start":{"line":86,"column":12},"end":{"line":86,"column":24}},"type":"binary-expr","locations":[{"start":{"line":86,"column":12},"end":{"line":86,"column":14}},{"start":{"line":86,"column":18},"end":{"line":86,"column":24}}]},"7":{"loc":{"start":{"line":87,"column":12},"end":{"line":87,"column":52}},"type":"binary-expr","locations":[{"start":{"line":87,"column":12},"end":{"line":87,"column":20}},{"start":{"line":87,"column":24},"end":{"line":87,"column":52}}]},"8":{"loc":{"start":{"line":96,"column":4},"end":{"line":98,"column":null}},"type":"if","locations":[{"start":{"line":96,"column":4},"end":{"line":98,"column":null}}]}},"s":{"0":1,"1":1,"2":1,"3":1,"4":1,"5":1,"6":1,"7":1,"8":1,"9":1,"10":16,"11":16,"12":1,"13":1,"14":1,"15":1,"16":1,"17":10,"18":10,"19":10,"20":11,"21":11,"22":11,"23":11,"24":0,"25":11,"26":4,"27":4,"28":4,"29":1,"30":1},"f":{"0":16,"1":1,"2":1,"3":10,"4":11,"5":11,"6":4},"b":{"0":[10,0],"1":[10,0],"2":[10,0],"3":[10,0],"4":[10,0],"5":[10,0],"6":[11,11],"7":[11,0],"8":[0]}},"/home/adrian/Private/deel-assignment/apps/api/src/contract/dto/contract.dto.ts":{"path":"/home/adrian/Private/deel-assignment/apps/api/src/contract/dto/contract.dto.ts","statementMap":{"0":{"start":{"line":17,"column":4},"end":{"line":17,"column":32}},"1":{"start":{"line":4,"column":0},"end":{"line":4,"column":13}}},"fnMap":{"0":{"name":"(anonymous_0)","decl":{"start":{"line":16,"column":2},"end":{"line":16,"column":14}},"loc":{"start":{"line":16,"column":47},"end":{"line":18,"column":3}}}},"branchMap":{"0":{"loc":{"start":{"line":16,"column":14},"end":{"line":16,"column":47}},"type":"default-arg","locations":[{"start":{"line":16,"column":45},"end":{"line":16,"column":47}}]}},"s":{"0":201,"1":1},"f":{"0":201},"b":{"0":[0]}},"/home/adrian/Private/deel-assignment/apps/api/src/contract/dto/session-header.dto.ts":{"path":"/home/adrian/Private/deel-assignment/apps/api/src/contract/dto/session-header.dto.ts","statementMap":{"0":{"start":{"line":2,"column":0},"end":{"line":2,"column":61}},"1":{"start":{"line":3,"column":0},"end":{"line":3,"column":44}},"2":{"start":{"line":14,"column":4},"end":{"line":14,"column":32}},"3":{"start":{"line":7,"column":2},"end":{"line":7,"column":null}},"4":{"start":{"line":11,"column":2},"end":{"line":11,"column":null}},"5":{"start":{"line":5,"column":0},"end":{"line":5,"column":13}}},"fnMap":{"0":{"name":"(anonymous_2)","decl":{"start":{"line":13,"column":2},"end":{"line":13,"column":14}},"loc":{"start":{"line":13,"column":52},"end":{"line":15,"column":3}}}},"branchMap":{"0":{"loc":{"start":{"line":13,"column":14},"end":{"line":13,"column":52}},"type":"default-arg","locations":[{"start":{"line":13,"column":50},"end":{"line":13,"column":52}}]}},"s":{"0":1,"1":1,"2":22,"3":1,"4":1,"5":1},"f":{"0":22},"b":{"0":[22]}},"/home/adrian/Private/deel-assignment/apps/api/src/contract/dto/criteria/contract-criteria.dto.ts":{"path":"/home/adrian/Private/deel-assignment/apps/api/src/contract/dto/criteria/contract-criteria.dto.ts","statementMap":{"0":{"start":{"line":5,"column":0},"end":{"line":5,"column":71}},"1":{"start":{"line":20,"column":4},"end":{"line":20,"column":12}},"2":{"start":{"line":21,"column":4},"end":{"line":21,"column":32}},"3":{"start":{"line":7,"column":0},"end":{"line":7,"column":13}}},"fnMap":{"0":{"name":"(anonymous_0)","decl":{"start":{"line":19,"column":2},"end":{"line":19,"column":14}},"loc":{"start":{"line":19,"column":47},"end":{"line":22,"column":3}}}},"branchMap":{},"s":{"0":1,"1":10,"2":10,"3":1},"f":{"0":10},"b":{}},"/home/adrian/Private/deel-assignment/apps/api/src/contract/dto/criteria/contracts-list-criteria.dto.ts":{"path":"/home/adrian/Private/deel-assignment/apps/api/src/contract/dto/criteria/contracts-list-criteria.dto.ts","statementMap":{"0":{"start":{"line":5,"column":0},"end":{"line":5,"column":80}},"1":{"start":{"line":24,"column":4},"end":{"line":24,"column":12}},"2":{"start":{"line":25,"column":4},"end":{"line":25,"column":32}},"3":{"start":{"line":20,"column":4},"end":{"line":20,"column":58}},"4":{"start":{"line":8,"column":0},"end":{"line":8,"column":13}}},"fnMap":{"0":{"name":"(anonymous_0)","decl":{"start":{"line":23,"column":2},"end":{"line":23,"column":14}},"loc":{"start":{"line":23,"column":57},"end":{"line":26,"column":3}}},"1":{"name":"(anonymous_1)","decl":{"start":{"line":19,"column":2},"end":{"line":19,"column":6}},"loc":{"start":{"line":19,"column":25},"end":{"line":21,"column":3}}}},"branchMap":{"0":{"loc":{"start":{"line":23,"column":14},"end":{"line":23,"column":57}},"type":"default-arg","locations":[{"start":{"line":23,"column":55},"end":{"line":23,"column":57}}]},"1":{"loc":{"start":{"line":20,"column":11},"end":{"line":20,"column":57}},"type":"binary-expr","locations":[{"start":{"line":20,"column":11},"end":{"line":20,"column":33}},{"start":{"line":20,"column":37},"end":{"line":20,"column":57}}]}},"s":{"0":1,"1":10,"2":10,"3":0,"4":1},"f":{"0":10,"1":0},"b":{"0":[0],"1":[0,0]}},"/home/adrian/Private/deel-assignment/apps/api/src/contract/dto/request/contracts-list-filter.dto.ts":{"path":"/home/adrian/Private/deel-assignment/apps/api/src/contract/dto/request/contracts-list-filter.dto.ts","statementMap":{"0":{"start":{"line":2,"column":0},"end":{"line":2,"column":60}},"1":{"start":{"line":3,"column":0},"end":{"line":3,"column":46}},"2":{"start":{"line":4,"column":0},"end":{"line":4,"column":null}},"3":{"start":{"line":11,"column":0},"end":{"line":11,"column":75}},"4":{"start":{"line":12,"column":0},"end":{"line":12,"column":54}},"5":{"start":{"line":17,"column":2},"end":{"line":17,"column":null}},"6":{"start":{"line":21,"column":2},"end":{"line":21,"column":null}},"7":{"start":{"line":27,"column":2},"end":{"line":27,"column":null}},"8":{"start":{"line":14,"column":0},"end":{"line":14,"column":13}}},"fnMap":{},"branchMap":{},"s":{"0":1,"1":1,"2":1,"3":1,"4":1,"5":1,"6":1,"7":1,"8":1},"f":{},"b":{}},"/home/adrian/Private/deel-assignment/apps/api/src/contract/dto/request/create-contract.dto.ts":{"path":"/home/adrian/Private/deel-assignment/apps/api/src/contract/dto/request/create-contract.dto.ts","statementMap":{"0":{"start":{"line":1,"column":0},"end":{"line":1,"column":63}},"1":{"start":{"line":2,"column":0},"end":{"line":2,"column":60}},"2":{"start":{"line":3,"column":0},"end":{"line":3,"column":54}},"3":{"start":{"line":30,"column":4},"end":{"line":30,"column":32}},"4":{"start":{"line":11,"column":2},"end":{"line":11,"column":null}},"5":{"start":{"line":17,"column":2},"end":{"line":17,"column":null}},"6":{"start":{"line":23,"column":2},"end":{"line":23,"column":null}},"7":{"start":{"line":27,"column":2},"end":{"line":27,"column":null}},"8":{"start":{"line":6,"column":0},"end":{"line":6,"column":13}}},"fnMap":{"0":{"name":"(anonymous_2)","decl":{"start":{"line":29,"column":2},"end":{"line":29,"column":14}},"loc":{"start":{"line":29,"column":53},"end":{"line":31,"column":3}}}},"branchMap":{"0":{"loc":{"start":{"line":29,"column":14},"end":{"line":29,"column":53}},"type":"default-arg","locations":[{"start":{"line":29,"column":51},"end":{"line":29,"column":53}}]}},"s":{"0":1,"1":1,"2":1,"3":5,"4":1,"5":1,"6":1,"7":1,"8":1},"f":{"0":5},"b":{"0":[5]}},"/home/adrian/Private/deel-assignment/apps/api/src/contract/dto/request/update-contract.dto.ts":{"path":"/home/adrian/Private/deel-assignment/apps/api/src/contract/dto/request/update-contract.dto.ts","statementMap":{"0":{"start":{"line":1,"column":0},"end":{"line":1,"column":46}},"1":{"start":{"line":2,"column":0},"end":{"line":2,"column":58}},"2":{"start":{"line":6,"column":4},"end":{"line":6,"column":18}},"3":{"start":{"line":7,"column":4},"end":{"line":7,"column":32}},"4":{"start":{"line":4,"column":0},"end":{"line":4,"column":13}}},"fnMap":{"0":{"name":"(anonymous_0)","decl":{"start":{"line":5,"column":2},"end":{"line":5,"column":14}},"loc":{"start":{"line":5,"column":53},"end":{"line":8,"column":3}}}},"branchMap":{"0":{"loc":{"start":{"line":5,"column":14},"end":{"line":5,"column":53}},"type":"default-arg","locations":[{"start":{"line":5,"column":51},"end":{"line":5,"column":53}}]}},"s":{"0":1,"1":1,"2":4,"3":4,"4":1},"f":{"0":4},"b":{"0":[4]}},"/home/adrian/Private/deel-assignment/apps/api/src/contract/entities/contract.entity.ts":{"path":"/home/adrian/Private/deel-assignment/apps/api/src/contract/entities/contract.entity.ts","statementMap":{"0":{"start":{"line":1,"column":0},"end":{"line":1,"column":52}},"1":{"start":{"line":4,"column":0},"end":{"line":4,"column":null}},"2":{"start":{"line":13,"column":0},"end":{"line":13,"column":51}},"3":{"start":{"line":14,"column":0},"end":{"line":14,"column":54}},"4":{"start":{"line":15,"column":0},"end":{"line":15,"column":63}},"5":{"start":{"line":18,"column":0},"end":{"line":62,"column":null}},"6":{"start":{"line":59,"column":4},"end":{"line":59,"column":12}},"7":{"start":{"line":60,"column":4},"end":{"line":60,"column":32}},"8":{"start":{"line":23,"column":2},"end":{"line":23,"column":null}},"9":{"start":{"line":31,"column":2},"end":{"line":31,"column":null}},"10":{"start":{"line":41,"column":2},"end":{"line":41,"column":null}},"11":{"start":{"line":46,"column":2},"end":{"line":46,"column":null}},"12":{"start":{"line":43,"column":19},"end":{"line":43,"column":26}},"13":{"start":{"line":43,"column":41},"end":{"line":43,"column":58}},"14":{"start":{"line":51,"column":2},"end":{"line":51,"column":null}},"15":{"start":{"line":48,"column":19},"end":{"line":48,"column":26}},"16":{"start":{"line":48,"column":41},"end":{"line":48,"column":57}},"17":{"start":{"line":56,"column":2},"end":{"line":56,"column":null}},"18":{"start":{"line":53,"column":19},"end":{"line":53,"column":22}},"19":{"start":{"line":53,"column":33},"end":{"line":53,"column":45}},"20":{"start":{"line":18,"column":13},"end":{"line":62,"column":null}},"21":{"start":{"line":18,"column":13},"end":{"line":18,"column":21}}},"fnMap":{"0":{"name":"(anonymous_2)","decl":{"start":{"line":58,"column":2},"end":{"line":58,"column":14}},"loc":{"start":{"line":58,"column":44},"end":{"line":61,"column":3}}},"1":{"name":"(anonymous_3)","decl":{"start":{"line":43,"column":13},"end":{"line":43,"column":16}},"loc":{"start":{"line":43,"column":19},"end":{"line":43,"column":26}}},"2":{"name":"(anonymous_4)","decl":{"start":{"line":43,"column":28},"end":{"line":43,"column":29}},"loc":{"start":{"line":43,"column":41},"end":{"line":43,"column":58}}},"3":{"name":"(anonymous_5)","decl":{"start":{"line":48,"column":13},"end":{"line":48,"column":16}},"loc":{"start":{"line":48,"column":19},"end":{"line":48,"column":26}}},"4":{"name":"(anonymous_6)","decl":{"start":{"line":48,"column":28},"end":{"line":48,"column":29}},"loc":{"start":{"line":48,"column":41},"end":{"line":48,"column":57}}},"5":{"name":"(anonymous_7)","decl":{"start":{"line":53,"column":13},"end":{"line":53,"column":16}},"loc":{"start":{"line":53,"column":19},"end":{"line":53,"column":22}}},"6":{"name":"(anonymous_8)","decl":{"start":{"line":53,"column":24},"end":{"line":53,"column":25}},"loc":{"start":{"line":53,"column":33},"end":{"line":53,"column":45}}}},"branchMap":{"0":{"loc":{"start":{"line":58,"column":14},"end":{"line":58,"column":44}},"type":"default-arg","locations":[{"start":{"line":58,"column":42},"end":{"line":58,"column":44}}]}},"s":{"0":1,"1":1,"2":1,"3":1,"4":1,"5":1,"6":616,"7":616,"8":1,"9":1,"10":1,"11":1,"12":32,"13":32,"14":1,"15":32,"16":32,"17":1,"18":32,"19":32,"20":1,"21":1},"f":{"0":616,"1":32,"2":32,"3":32,"4":32,"5":32,"6":32},"b":{"0":[371]}},"/home/adrian/Private/deel-assignment/apps/api/src/contract/exceptions/contract-not-found.exception.ts":{"path":"/home/adrian/Private/deel-assignment/apps/api/src/contract/exceptions/contract-not-found.exception.ts","statementMap":{"0":{"start":{"line":1,"column":0},"end":{"line":1,"column":37}},"1":{"start":{"line":2,"column":0},"end":{"line":2,"column":64}},"2":{"start":{"line":3,"column":0},"end":{"line":3,"column":44}},"3":{"start":{"line":11,"column":4},"end":{"line":11,"column":32}},"4":{"start":{"line":9,"column":2},"end":{"line":9,"column":47}},"5":{"start":{"line":8,"column":0},"end":{"line":8,"column":13}}},"fnMap":{"0":{"name":"(anonymous_0)","decl":{"start":{"line":10,"column":2},"end":{"line":10,"column":null}},"loc":{"start":{"line":10,"column":2},"end":{"line":12,"column":3}}}},"branchMap":{},"s":{"0":1,"1":1,"2":1,"3":4,"4":4,"5":1},"f":{"0":4},"b":{}},"/home/adrian/Private/deel-assignment/apps/api/src/contract/guard/contract-profile.guard.ts":{"path":"/home/adrian/Private/deel-assignment/apps/api/src/contract/guard/contract-profile.guard.ts","statementMap":{"0":{"start":{"line":1,"column":0},"end":{"line":1,"column":75}},"1":{"start":{"line":5,"column":0},"end":{"line":12,"column":null}},"2":{"start":{"line":9,"column":20},"end":{"line":9,"column":55}},"3":{"start":{"line":10,"column":4},"end":{"line":10,"column":16}},"4":{"start":{"line":5,"column":13},"end":{"line":12,"column":null}},"5":{"start":{"line":5,"column":13},"end":{"line":5,"column":33}}},"fnMap":{"0":{"name":"(anonymous_1)","decl":{"start":{"line":6,"column":2},"end":{"line":6,"column":13}},"loc":{"start":{"line":7,"column":29},"end":{"line":11,"column":3}}}},"branchMap":{},"s":{"0":1,"1":1,"2":11,"3":11,"4":1,"5":1},"f":{"0":11},"b":{}},"/home/adrian/Private/deel-assignment/apps/api/src/contract/interfaces/contracts-controller.interface.ts":{"path":"/home/adrian/Private/deel-assignment/apps/api/src/contract/interfaces/contracts-controller.interface.ts","statementMap":{"0":{"start":{"line":9,"column":0},"end":{"line":9,"column":22}}},"fnMap":{},"branchMap":{},"s":{"0":1},"f":{},"b":{}},"/home/adrian/Private/deel-assignment/apps/api/src/contract/interfaces/contracts-dao.interface.ts":{"path":"/home/adrian/Private/deel-assignment/apps/api/src/contract/interfaces/contracts-dao.interface.ts","statementMap":{"0":{"start":{"line":1,"column":0},"end":{"line":1,"column":67}},"1":{"start":{"line":9,"column":0},"end":{"line":9,"column":22}}},"fnMap":{},"branchMap":{},"s":{"0":1,"1":1},"f":{},"b":{}},"/home/adrian/Private/deel-assignment/apps/api/src/contract/interfaces/contracts-mapper.interface.ts":{"path":"/home/adrian/Private/deel-assignment/apps/api/src/contract/interfaces/contracts-mapper.interface.ts","statementMap":{"0":{"start":{"line":14,"column":0},"end":{"line":14,"column":22}}},"fnMap":{},"branchMap":{},"s":{"0":1},"f":{},"b":{}},"/home/adrian/Private/deel-assignment/apps/api/src/contract/interfaces/contracts-service.interface.ts":{"path":"/home/adrian/Private/deel-assignment/apps/api/src/contract/interfaces/contracts-service.interface.ts","statementMap":{"0":{"start":{"line":9,"column":0},"end":{"line":9,"column":22}}},"fnMap":{},"branchMap":{},"s":{"0":1},"f":{},"b":{}},"/home/adrian/Private/deel-assignment/apps/api/src/contract/mappers/contracts.mapper.ts":{"path":"/home/adrian/Private/deel-assignment/apps/api/src/contract/mappers/contracts.mapper.ts","statementMap":{"0":{"start":{"line":1,"column":0},"end":{"line":1,"column":69}},"1":{"start":{"line":2,"column":0},"end":{"line":2,"column":84}},"2":{"start":{"line":3,"column":0},"end":{"line":3,"column":50}},"3":{"start":{"line":5,"column":0},"end":{"line":5,"column":55}},"4":{"start":{"line":7,"column":0},"end":{"line":7,"column":75}},"5":{"start":{"line":8,"column":0},"end":{"line":8,"column":44}},"6":{"start":{"line":16,"column":0},"end":{"line":61,"column":null}},"7":{"start":{"line":18,"column":4},"end":{"line":26,"column":7}},"8":{"start":{"line":30,"column":4},"end":{"line":30,"column":63}},"9":{"start":{"line":30,"column":37},"end":{"line":30,"column":55}},"10":{"start":{"line":36,"column":4},"end":{"line":41,"column":7}},"11":{"start":{"line":37,"column":43},"end":{"line":37,"column":61}},"12":{"start":{"line":45,"column":4},"end":{"line":52,"column":7}},"13":{"start":{"line":56,"column":4},"end":{"line":59,"column":7}},"14":{"start":{"line":16,"column":13},"end":{"line":61,"column":null}},"15":{"start":{"line":16,"column":13},"end":{"line":16,"column":28}}},"fnMap":{"0":{"name":"(anonymous_1)","decl":{"start":{"line":17,"column":2},"end":{"line":17,"column":7}},"loc":{"start":{"line":17,"column":24},"end":{"line":27,"column":3}}},"1":{"name":"(anonymous_2)","decl":{"start":{"line":29,"column":2},"end":{"line":29,"column":8}},"loc":{"start":{"line":29,"column":29},"end":{"line":31,"column":3}}},"2":{"name":"(anonymous_3)","decl":{"start":{"line":30,"column":25},"end":{"line":30,"column":26}},"loc":{"start":{"line":30,"column":37},"end":{"line":30,"column":55}}},"3":{"name":"(anonymous_4)","decl":{"start":{"line":33,"column":2},"end":{"line":33,"column":16}},"loc":{"start":{"line":34,"column":41},"end":{"line":42,"column":3}}},"4":{"name":"(anonymous_5)","decl":{"start":{"line":37,"column":31},"end":{"line":37,"column":32}},"loc":{"start":{"line":37,"column":43},"end":{"line":37,"column":61}}},"5":{"name":"(anonymous_6)","decl":{"start":{"line":44,"column":2},"end":{"line":44,"column":12}},"loc":{"start":{"line":44,"column":49},"end":{"line":53,"column":3}}},"6":{"name":"(anonymous_7)","decl":{"start":{"line":55,"column":2},"end":{"line":55,"column":10}},"loc":{"start":{"line":55,"column":53},"end":{"line":60,"column":3}}}},"branchMap":{"0":{"loc":{"start":{"line":19,"column":10},"end":{"line":19,"column":20}},"type":"cond-expr","locations":[{"start":{"line":19,"column":16},"end":{"line":19,"column":18}},{"start":{"line":19,"column":10},"end":{"line":19,"column":20}}]},"1":{"loc":{"start":{"line":19,"column":10},"end":{"line":19,"column":18}},"type":"binary-expr","locations":[{"start":{"line":19,"column":10},"end":{"line":19,"column":18}},{"start":{"line":19,"column":10},"end":{"line":19,"column":18}}]},"2":{"loc":{"start":{"line":24,"column":16},"end":{"line":24,"column":33}},"type":"cond-expr","locations":[{"start":{"line":24,"column":29},"end":{"line":24,"column":31}},{"start":{"line":24,"column":29},"end":{"line":24,"column":33}}]},"3":{"loc":{"start":{"line":24,"column":16},"end":{"line":24,"column":31}},"type":"binary-expr","locations":[{"start":{"line":24,"column":16},"end":{"line":24,"column":31}},{"start":{"line":24,"column":29},"end":{"line":24,"column":31}}]},"4":{"loc":{"start":{"line":25,"column":20},"end":{"line":25,"column":41}},"type":"cond-expr","locations":[{"start":{"line":25,"column":37},"end":{"line":25,"column":39}},{"start":{"line":25,"column":37},"end":{"line":25,"column":41}}]},"5":{"loc":{"start":{"line":25,"column":20},"end":{"line":25,"column":39}},"type":"binary-expr","locations":[{"start":{"line":25,"column":20},"end":{"line":25,"column":39}},{"start":{"line":25,"column":37},"end":{"line":25,"column":39}}]},"6":{"loc":{"start":{"line":30,"column":11},"end":{"line":30,"column":62}},"type":"binary-expr","locations":[{"start":{"line":30,"column":11},"end":{"line":30,"column":56}},{"start":{"line":30,"column":60},"end":{"line":30,"column":62}}]},"7":{"loc":{"start":{"line":30,"column":11},"end":{"line":30,"column":56}},"type":"cond-expr","locations":[{"start":{"line":30,"column":19},"end":{"line":30,"column":21}},{"start":{"line":30,"column":11},"end":{"line":30,"column":56}}]},"8":{"loc":{"start":{"line":30,"column":11},"end":{"line":30,"column":21}},"type":"binary-expr","locations":[{"start":{"line":30,"column":11},"end":{"line":30,"column":21}},{"start":{"line":30,"column":11},"end":{"line":30,"column":21}}]},"9":{"loc":{"start":{"line":44,"column":13},"end":{"line":44,"column":49}},"type":"default-arg","locations":[{"start":{"line":44,"column":47},"end":{"line":44,"column":49}}]},"10":{"loc":{"start":{"line":46,"column":12},"end":{"line":46,"column":40}},"type":"binary-expr","locations":[{"start":{"line":46,"column":12},"end":{"line":46,"column":24}},{"start":{"line":46,"column":28},"end":{"line":46,"column":40}}]},"11":{"loc":{"start":{"line":47,"column":13},"end":{"line":47,"column":43}},"type":"binary-expr","locations":[{"start":{"line":47,"column":13},"end":{"line":47,"column":26}},{"start":{"line":47,"column":30},"end":{"line":47,"column":43}}]},"12":{"loc":{"start":{"line":57,"column":13},"end":{"line":57,"column":23}},"type":"cond-expr","locations":[{"start":{"line":57,"column":16},"end":{"line":57,"column":18}},{"start":{"line":57,"column":13},"end":{"line":57,"column":23}}]},"13":{"loc":{"start":{"line":57,"column":13},"end":{"line":57,"column":18}},"type":"binary-expr","locations":[{"start":{"line":57,"column":13},"end":{"line":57,"column":18}},{"start":{"line":57,"column":13},"end":{"line":57,"column":18}}]},"14":{"loc":{"start":{"line":58,"column":14},"end":{"line":58,"column":25}},"type":"cond-expr","locations":[{"start":{"line":58,"column":17},"end":{"line":58,"column":19}},{"start":{"line":58,"column":14},"end":{"line":58,"column":25}}]},"15":{"loc":{"start":{"line":58,"column":14},"end":{"line":58,"column":19}},"type":"binary-expr","locations":[{"start":{"line":58,"column":14},"end":{"line":58,"column":19}},{"start":{"line":58,"column":14},"end":{"line":58,"column":19}}]}},"s":{"0":1,"1":1,"2":1,"3":1,"4":1,"5":1,"6":1,"7":201,"8":0,"9":0,"10":10,"11":195,"12":10,"13":5,"14":1,"15":1},"f":{"0":201,"1":0,"2":0,"3":10,"4":195,"5":10,"6":5},"b":{"0":[0,201],"1":[201,201],"2":[0,201],"3":[201,201],"4":[9,192],"5":[201,193],"6":[0,0],"7":[0,0],"8":[0,0],"9":[0],"10":[10,10],"11":[10,10],"12":[0,5],"13":[5,5],"14":[0,5],"15":[5,5]}},"/home/adrian/Private/deel-assignment/apps/api/src/contract/services/contracts.service.ts":{"path":"/home/adrian/Private/deel-assignment/apps/api/src/contract/services/contracts.service.ts","statementMap":{"0":{"start":{"line":3,"column":0},"end":{"line":3,"column":44}},"1":{"start":{"line":4,"column":0},"end":{"line":4,"column":70}},"2":{"start":{"line":5,"column":0},"end":{"line":5,"column":76}},"3":{"start":{"line":6,"column":0},"end":{"line":6,"column":73}},"4":{"start":{"line":11,"column":0},"end":{"line":11,"column":86}},"5":{"start":{"line":14,"column":0},"end":{"line":14,"column":44}},"6":{"start":{"line":20,"column":0},"end":{"line":83,"column":null}},"7":{"start":{"line":22,"column":21},"end":{"line":22,"column":35}},"8":{"start":{"line":23,"column":21},"end":{"line":23,"column":29}},"9":{"start":{"line":24,"column":21},"end":{"line":24,"column":37}},"10":{"start":{"line":31,"column":4},"end":{"line":33,"column":null}},"11":{"start":{"line":32,"column":6},"end":{"line":32,"column":45}},"12":{"start":{"line":34,"column":4},"end":{"line":34,"column":59}},"13":{"start":{"line":41,"column":4},"end":{"line":43,"column":null}},"14":{"start":{"line":42,"column":6},"end":{"line":42,"column":49}},"15":{"start":{"line":44,"column":4},"end":{"line":44,"column":58}},"16":{"start":{"line":48,"column":19},"end":{"line":48,"column":44}},"17":{"start":{"line":49,"column":4},"end":{"line":49,"column":72}},"18":{"start":{"line":51,"column":4},"end":{"line":55,"column":null}},"19":{"start":{"line":52,"column":6},"end":{"line":54,"column":9}},"20":{"start":{"line":57,"column":4},"end":{"line":57,"column":50}},"21":{"start":{"line":61,"column":21},"end":{"line":61,"column":53}},"22":{"start":{"line":62,"column":19},"end":{"line":62,"column":44}},"23":{"start":{"line":64,"column":4},"end":{"line":64,"column":52}},"24":{"start":{"line":66,"column":4},"end":{"line":70,"column":null}},"25":{"start":{"line":67,"column":6},"end":{"line":69,"column":9}},"26":{"start":{"line":72,"column":4},"end":{"line":76,"column":null}},"27":{"start":{"line":73,"column":6},"end":{"line":75,"column":9}},"28":{"start":{"line":77,"column":4},"end":{"line":77,"column":54}},"29":{"start":{"line":81,"column":4},"end":{"line":81,"column":46}},"30":{"start":{"line":20,"column":13},"end":{"line":83,"column":null}},"31":{"start":{"line":20,"column":13},"end":{"line":20,"column":29}}},"fnMap":{"0":{"name":"(anonymous_2)","decl":{"start":{"line":21,"column":2},"end":{"line":21,"column":null}},"loc":{"start":{"line":24,"column":53},"end":{"line":25,"column":6}}},"1":{"name":"(anonymous_3)","decl":{"start":{"line":27,"column":2},"end":{"line":27,"column":7}},"loc":{"start":{"line":29,"column":30},"end":{"line":35,"column":3}}},"2":{"name":"(anonymous_4)","decl":{"start":{"line":37,"column":2},"end":{"line":37,"column":7}},"loc":{"start":{"line":39,"column":30},"end":{"line":45,"column":3}}},"3":{"name":"(anonymous_5)","decl":{"start":{"line":47,"column":2},"end":{"line":47,"column":7}},"loc":{"start":{"line":47,"column":37},"end":{"line":58,"column":3}}},"4":{"name":"(anonymous_6)","decl":{"start":{"line":60,"column":2},"end":{"line":60,"column":7}},"loc":{"start":{"line":60,"column":49},"end":{"line":78,"column":3}}},"5":{"name":"(anonymous_7)","decl":{"start":{"line":80,"column":2},"end":{"line":80,"column":7}},"loc":{"start":{"line":80,"column":25},"end":{"line":82,"column":3}}}},"branchMap":{"0":{"loc":{"start":{"line":31,"column":4},"end":{"line":33,"column":null}},"type":"if","locations":[{"start":{"line":31,"column":4},"end":{"line":33,"column":null}}]},"1":{"loc":{"start":{"line":31,"column":8},"end":{"line":31,"column":49}},"type":"binary-expr","locations":[{"start":{"line":31,"column":8},"end":{"line":31,"column":15}},{"start":{"line":31,"column":19},"end":{"line":31,"column":49}}]},"2":{"loc":{"start":{"line":31,"column":34},"end":{"line":31,"column":47}},"type":"cond-expr","locations":[{"start":{"line":31,"column":41},"end":{"line":31,"column":43}},{"start":{"line":31,"column":34},"end":{"line":31,"column":47}}]},"3":{"loc":{"start":{"line":31,"column":34},"end":{"line":31,"column":43}},"type":"binary-expr","locations":[{"start":{"line":31,"column":34},"end":{"line":31,"column":43}},{"start":{"line":31,"column":34},"end":{"line":31,"column":43}}]},"4":{"loc":{"start":{"line":41,"column":4},"end":{"line":43,"column":null}},"type":"if","locations":[{"start":{"line":41,"column":4},"end":{"line":43,"column":null}}]},"5":{"loc":{"start":{"line":41,"column":8},"end":{"line":41,"column":49}},"type":"binary-expr","locations":[{"start":{"line":41,"column":8},"end":{"line":41,"column":15}},{"start":{"line":41,"column":19},"end":{"line":41,"column":49}}]},"6":{"loc":{"start":{"line":41,"column":34},"end":{"line":41,"column":47}},"type":"cond-expr","locations":[{"start":{"line":41,"column":41},"end":{"line":41,"column":43}},{"start":{"line":41,"column":34},"end":{"line":41,"column":47}}]},"7":{"loc":{"start":{"line":41,"column":34},"end":{"line":41,"column":43}},"type":"binary-expr","locations":[{"start":{"line":41,"column":34},"end":{"line":41,"column":43}},{"start":{"line":41,"column":34},"end":{"line":41,"column":43}}]},"8":{"loc":{"start":{"line":51,"column":4},"end":{"line":55,"column":null}},"type":"if","locations":[{"start":{"line":51,"column":4},"end":{"line":55,"column":null}}]},"9":{"loc":{"start":{"line":66,"column":4},"end":{"line":70,"column":null}},"type":"if","locations":[{"start":{"line":66,"column":4},"end":{"line":70,"column":null}}]},"10":{"loc":{"start":{"line":72,"column":4},"end":{"line":76,"column":null}},"type":"if","locations":[{"start":{"line":72,"column":4},"end":{"line":76,"column":null}}]}},"s":{"0":1,"1":1,"2":1,"3":1,"4":1,"5":1,"6":1,"7":32,"8":32,"9":32,"10":2,"11":0,"12":2,"13":10,"14":0,"15":10,"16":1,"17":1,"18":1,"19":0,"20":1,"21":4,"22":4,"23":4,"24":4,"25":1,"26":4,"27":0,"28":4,"29":1,"30":1,"31":1},"f":{"0":32,"1":2,"2":10,"3":1,"4":4,"5":1},"b":{"0":[0],"1":[2,1],"2":[0,1],"3":[1,1],"4":[0],"5":[10,10],"6":[0,10],"7":[10,10],"8":[0],"9":[1],"10":[0]}},"/home/adrian/Private/deel-assignment/apps/api/src/job/consts.ts":{"path":"/home/adrian/Private/deel-assignment/apps/api/src/job/consts.ts","statementMap":{"0":{"start":{"line":1,"column":13},"end":{"line":1,"column":33}},"1":{"start":{"line":3,"column":13},"end":{"line":7,"column":2}}},"fnMap":{},"branchMap":{},"s":{"0":1,"1":1},"f":{},"b":{}},"/home/adrian/Private/deel-assignment/apps/api/src/job/jobs.module.ts":{"path":"/home/adrian/Private/deel-assignment/apps/api/src/job/jobs.module.ts","statementMap":{"0":{"start":{"line":1,"column":0},"end":{"line":1,"column":79}},"1":{"start":{"line":2,"column":0},"end":{"line":2,"column":40}},"2":{"start":{"line":3,"column":0},"end":{"line":3,"column":63}},"3":{"start":{"line":4,"column":0},"end":{"line":4,"column":58}},"4":{"start":{"line":5,"column":0},"end":{"line":5,"column":48}},"5":{"start":{"line":6,"column":0},"end":{"line":6,"column":49}},"6":{"start":{"line":7,"column":0},"end":{"line":7,"column":67}},"7":{"start":{"line":8,"column":0},"end":{"line":8,"column":65}},"8":{"start":{"line":9,"column":0},"end":{"line":9,"column":44}},"9":{"start":{"line":10,"column":0},"end":{"line":10,"column":72}},"10":{"start":{"line":11,"column":0},"end":{"line":11,"column":72}},"11":{"start":{"line":24,"column":0},"end":{"line":24,"column":null}},"12":{"start":{"line":24,"column":13},"end":{"line":24,"column":null}},"13":{"start":{"line":24,"column":13},"end":{"line":24,"column":23}}},"fnMap":{},"branchMap":{},"s":{"0":1,"1":1,"2":1,"3":1,"4":1,"5":1,"6":1,"7":1,"8":1,"9":1,"10":1,"11":1,"12":1,"13":1},"f":{},"b":{}},"/home/adrian/Private/deel-assignment/apps/api/src/job/jobs.providers.ts":{"path":"/home/adrian/Private/deel-assignment/apps/api/src/job/jobs.providers.ts","statementMap":{"0":{"start":{"line":1,"column":0},"end":{"line":1,"column":65}},"1":{"start":{"line":2,"column":0},"end":{"line":2,"column":51}},"2":{"start":{"line":3,"column":0},"end":{"line":3,"column":59}},"3":{"start":{"line":4,"column":0},"end":{"line":4,"column":67}},"4":{"start":{"line":5,"column":0},"end":{"line":5,"column":54}},"5":{"start":{"line":6,"column":0},"end":{"line":6,"column":73}},"6":{"start":{"line":7,"column":0},"end":{"line":7,"column":63}},"7":{"start":{"line":8,"column":0},"end":{"line":8,"column":41}},"8":{"start":{"line":9,"column":0},"end":{"line":9,"column":85}},"9":{"start":{"line":10,"column":0},"end":{"line":10,"column":89}},"10":{"start":{"line":11,"column":0},"end":{"line":11,"column":76}},"11":{"start":{"line":12,"column":0},"end":{"line":12,"column":84}},"12":{"start":{"line":13,"column":0},"end":{"line":13,"column":70}},"13":{"start":{"line":15,"column":13},"end":{"line":45,"column":2}},"14":{"start":{"line":36,"column":6},"end":{"line":36,"column":42}},"15":{"start":{"line":42,"column":49},"end":{"line":42,"column":79}}},"fnMap":{"0":{"name":"(anonymous_0)","decl":{"start":{"line":35,"column":16},"end":{"line":35,"column":17}},"loc":{"start":{"line":36,"column":6},"end":{"line":36,"column":42}}},"1":{"name":"(anonymous_1)","decl":{"start":{"line":42,"column":16},"end":{"line":42,"column":17}},"loc":{"start":{"line":42,"column":49},"end":{"line":42,"column":79}}}},"branchMap":{},"s":{"0":1,"1":1,"2":1,"3":1,"4":1,"5":1,"6":1,"7":1,"8":1,"9":1,"10":1,"11":1,"12":1,"13":1,"14":16,"15":16},"f":{"0":16,"1":16},"b":{}},"/home/adrian/Private/deel-assignment/apps/api/src/job/controllers/admin.controller.ts":{"path":"/home/adrian/Private/deel-assignment/apps/api/src/job/controllers/admin.controller.ts","statementMap":{"0":{"start":{"line":3,"column":0},"end":{"line":3,"column":42}},"1":{"start":{"line":4,"column":0},"end":{"line":4,"column":55}},"2":{"start":{"line":5,"column":0},"end":{"line":5,"column":null}},"3":{"start":{"line":13,"column":0},"end":{"line":13,"column":82}},"4":{"start":{"line":15,"column":0},"end":{"line":15,"column":80}},"5":{"start":{"line":17,"column":0},"end":{"line":17,"column":72}},"6":{"start":{"line":18,"column":0},"end":{"line":18,"column":74}},"7":{"start":{"line":21,"column":0},"end":{"line":21,"column":84}},"8":{"start":{"line":29,"column":0},"end":{"line":59,"column":null}},"9":{"start":{"line":31,"column":21},"end":{"line":31,"column":30}},"10":{"start":{"line":32,"column":21},"end":{"line":32,"column":29}},"11":{"start":{"line":33,"column":21},"end":{"line":33,"column":36}},"12":{"start":{"line":44,"column":21},"end":{"line":44,"column":57}},"13":{"start":{"line":45,"column":4},"end":{"line":45,"column":68}},"14":{"start":{"line":55,"column":21},"end":{"line":55,"column":57}},"15":{"start":{"line":56,"column":19},"end":{"line":56,"column":62}},"16":{"start":{"line":57,"column":4},"end":{"line":57,"column":53}},"17":{"start":{"line":41,"column":2},"end":{"line":46,"column":null}},"18":{"start":{"line":52,"column":2},"end":{"line":58,"column":null}},"19":{"start":{"line":29,"column":13},"end":{"line":59,"column":null}},"20":{"start":{"line":26,"column":20},"end":{"line":26,"column":48}},"21":{"start":{"line":29,"column":13},"end":{"line":29,"column":28}}},"fnMap":{"0":{"name":"(anonymous_4)","decl":{"start":{"line":30,"column":2},"end":{"line":30,"column":null}},"loc":{"start":{"line":33,"column":51},"end":{"line":34,"column":6}}},"1":{"name":"(anonymous_5)","decl":{"start":{"line":41,"column":2},"end":{"line":41,"column":7}},"loc":{"start":{"line":42,"column":36},"end":{"line":46,"column":3}}},"2":{"name":"(anonymous_6)","decl":{"start":{"line":52,"column":2},"end":{"line":52,"column":7}},"loc":{"start":{"line":53,"column":36},"end":{"line":58,"column":3}}},"3":{"name":"(anonymous_7)","decl":{"start":{"line":26,"column":14},"end":{"line":26,"column":17}},"loc":{"start":{"line":26,"column":20},"end":{"line":26,"column":48}}}},"branchMap":{},"s":{"0":1,"1":1,"2":1,"3":1,"4":1,"5":1,"6":1,"7":1,"8":1,"9":16,"10":16,"11":16,"12":2,"13":2,"14":2,"15":2,"16":2,"17":1,"18":1,"19":1,"20":1,"21":1},"f":{"0":16,"1":2,"2":2,"3":1},"b":{}},"/home/adrian/Private/deel-assignment/apps/api/src/job/controllers/jobs.controller.ts":{"path":"/home/adrian/Private/deel-assignment/apps/api/src/job/controllers/jobs.controller.ts","statementMap":{"0":{"start":{"line":1,"column":0},"end":{"line":1,"column":61}},"1":{"start":{"line":3,"column":0},"end":{"line":3,"column":82}},"2":{"start":{"line":4,"column":0},"end":{"line":4,"column":null}},"3":{"start":{"line":17,"column":0},"end":{"line":17,"column":42}},"4":{"start":{"line":18,"column":0},"end":{"line":18,"column":82}},"5":{"start":{"line":20,"column":0},"end":{"line":20,"column":40}},"6":{"start":{"line":21,"column":0},"end":{"line":21,"column":72}},"7":{"start":{"line":22,"column":0},"end":{"line":22,"column":39}},"8":{"start":{"line":24,"column":0},"end":{"line":24,"column":68}},"9":{"start":{"line":25,"column":0},"end":{"line":25,"column":66}},"10":{"start":{"line":26,"column":0},"end":{"line":26,"column":63}},"11":{"start":{"line":27,"column":0},"end":{"line":27,"column":61}},"12":{"start":{"line":29,"column":0},"end":{"line":29,"column":55}},"13":{"start":{"line":30,"column":0},"end":{"line":30,"column":77}},"14":{"start":{"line":31,"column":0},"end":{"line":31,"column":96}},"15":{"start":{"line":32,"column":0},"end":{"line":32,"column":98}},"16":{"start":{"line":39,"column":0},"end":{"line":151,"column":null}},"17":{"start":{"line":41,"column":21},"end":{"line":41,"column":34}},"18":{"start":{"line":42,"column":21},"end":{"line":42,"column":29}},"19":{"start":{"line":55,"column":21},"end":{"line":55,"column":72}},"20":{"start":{"line":57,"column":4},"end":{"line":57,"column":47}},"21":{"start":{"line":70,"column":21},"end":{"line":70,"column":44}},"22":{"start":{"line":72,"column":4},"end":{"line":72,"column":42}},"23":{"start":{"line":85,"column":21},"end":{"line":85,"column":52}},"24":{"start":{"line":87,"column":4},"end":{"line":87,"column":47}},"25":{"start":{"line":103,"column":4},"end":{"line":103,"column":40}},"26":{"start":{"line":123,"column":4},"end":{"line":123,"column":50}},"27":{"start":{"line":136,"column":4},"end":{"line":136,"column":45}},"28":{"start":{"line":149,"column":4},"end":{"line":149,"column":45}},"29":{"start":{"line":52,"column":2},"end":{"line":58,"column":null}},"30":{"start":{"line":69,"column":2},"end":{"line":73,"column":null}},"31":{"start":{"line":66,"column":22},"end":{"line":66,"column":42}},"32":{"start":{"line":82,"column":2},"end":{"line":88,"column":null}},"33":{"start":{"line":102,"column":2},"end":{"line":104,"column":null}},"34":{"start":{"line":96,"column":22},"end":{"line":96,"column":41}},"35":{"start":{"line":99,"column":22},"end":{"line":99,"column":47}},"36":{"start":{"line":119,"column":2},"end":{"line":124,"column":null}},"37":{"start":{"line":113,"column":22},"end":{"line":113,"column":41}},"38":{"start":{"line":116,"column":22},"end":{"line":116,"column":47}},"39":{"start":{"line":135,"column":2},"end":{"line":137,"column":null}},"40":{"start":{"line":132,"column":22},"end":{"line":132,"column":48}},"41":{"start":{"line":148,"column":2},"end":{"line":150,"column":null}},"42":{"start":{"line":145,"column":22},"end":{"line":145,"column":42}},"43":{"start":{"line":39,"column":13},"end":{"line":151,"column":null}},"44":{"start":{"line":36,"column":20},"end":{"line":36,"column":48}},"45":{"start":{"line":39,"column":13},"end":{"line":39,"column":27}}},"fnMap":{"0":{"name":"(anonymous_4)","decl":{"start":{"line":40,"column":2},"end":{"line":40,"column":null}},"loc":{"start":{"line":42,"column":40},"end":{"line":43,"column":6}}},"1":{"name":"(anonymous_5)","decl":{"start":{"line":52,"column":2},"end":{"line":52,"column":7}},"loc":{"start":{"line":53,"column":40},"end":{"line":58,"column":3}}},"2":{"name":"(anonymous_6)","decl":{"start":{"line":69,"column":2},"end":{"line":69,"column":7}},"loc":{"start":{"line":69,"column":36},"end":{"line":73,"column":3}}},"3":{"name":"(anonymous_7)","decl":{"start":{"line":82,"column":2},"end":{"line":82,"column":7}},"loc":{"start":{"line":83,"column":40},"end":{"line":88,"column":3}}},"4":{"name":"(anonymous_8)","decl":{"start":{"line":102,"column":2},"end":{"line":102,"column":7}},"loc":{"start":{"line":102,"column":40},"end":{"line":104,"column":3}}},"5":{"name":"(anonymous_9)","decl":{"start":{"line":119,"column":2},"end":{"line":119,"column":7}},"loc":{"start":{"line":121,"column":29},"end":{"line":124,"column":3}}},"6":{"name":"(anonymous_10)","decl":{"start":{"line":135,"column":2},"end":{"line":135,"column":7}},"loc":{"start":{"line":135,"column":37},"end":{"line":137,"column":3}}},"7":{"name":"(anonymous_11)","decl":{"start":{"line":148,"column":2},"end":{"line":148,"column":7}},"loc":{"start":{"line":148,"column":37},"end":{"line":150,"column":3}}},"8":{"name":"(anonymous_12)","decl":{"start":{"line":66,"column":16},"end":{"line":66,"column":19}},"loc":{"start":{"line":66,"column":22},"end":{"line":66,"column":42}}},"9":{"name":"(anonymous_13)","decl":{"start":{"line":96,"column":16},"end":{"line":96,"column":19}},"loc":{"start":{"line":96,"column":22},"end":{"line":96,"column":41}}},"10":{"name":"(anonymous_14)","decl":{"start":{"line":99,"column":16},"end":{"line":99,"column":19}},"loc":{"start":{"line":99,"column":22},"end":{"line":99,"column":47}}},"11":{"name":"(anonymous_15)","decl":{"start":{"line":113,"column":16},"end":{"line":113,"column":19}},"loc":{"start":{"line":113,"column":22},"end":{"line":113,"column":41}}},"12":{"name":"(anonymous_16)","decl":{"start":{"line":116,"column":16},"end":{"line":116,"column":19}},"loc":{"start":{"line":116,"column":22},"end":{"line":116,"column":47}}},"13":{"name":"(anonymous_17)","decl":{"start":{"line":132,"column":16},"end":{"line":132,"column":19}},"loc":{"start":{"line":132,"column":22},"end":{"line":132,"column":48}}},"14":{"name":"(anonymous_18)","decl":{"start":{"line":145,"column":16},"end":{"line":145,"column":19}},"loc":{"start":{"line":145,"column":22},"end":{"line":145,"column":42}}},"15":{"name":"(anonymous_19)","decl":{"start":{"line":36,"column":14},"end":{"line":36,"column":17}},"loc":{"start":{"line":36,"column":20},"end":{"line":36,"column":48}}}},"branchMap":{},"s":{"0":1,"1":1,"2":1,"3":1,"4":1,"5":1,"6":1,"7":1,"8":1,"9":1,"10":1,"11":1,"12":1,"13":1,"14":1,"15":1,"16":1,"17":32,"18":32,"19":0,"20":0,"21":1,"22":1,"23":6,"24":6,"25":1,"26":3,"27":0,"28":1,"29":1,"30":1,"31":1,"32":1,"33":1,"34":1,"35":1,"36":1,"37":1,"38":1,"39":1,"40":1,"41":1,"42":1,"43":1,"44":1,"45":1},"f":{"0":32,"1":0,"2":1,"3":6,"4":1,"5":3,"6":0,"7":1,"8":1,"9":1,"10":1,"11":1,"12":1,"13":1,"14":1,"15":1},"b":{}},"/home/adrian/Private/deel-assignment/apps/api/src/job/dao/jobs.dao.ts":{"path":"/home/adrian/Private/deel-assignment/apps/api/src/job/dao/jobs.dao.ts","statementMap":{"0":{"start":{"line":1,"column":0},"end":{"line":1,"column":63}},"1":{"start":{"line":3,"column":0},"end":{"line":3,"column":45}},"2":{"start":{"line":4,"column":0},"end":{"line":4,"column":77}},"3":{"start":{"line":6,"column":0},"end":{"line":6,"column":75}},"4":{"start":{"line":7,"column":0},"end":{"line":7,"column":45}},"5":{"start":{"line":9,"column":0},"end":{"line":9,"column":53}},"6":{"start":{"line":10,"column":0},"end":{"line":10,"column":44}},"7":{"start":{"line":11,"column":0},"end":{"line":11,"column":51}},"8":{"start":{"line":12,"column":0},"end":{"line":12,"column":37}},"9":{"start":{"line":13,"column":0},"end":{"line":13,"column":72}},"10":{"start":{"line":15,"column":0},"end":{"line":15,"column":63}},"11":{"start":{"line":16,"column":0},"end":{"line":16,"column":75}},"12":{"start":{"line":22,"column":0},"end":{"line":155,"column":null}},"13":{"start":{"line":28,"column":4},"end":{"line":28,"column":12}},"14":{"start":{"line":24,"column":21},"end":{"line":24,"column":29}},"15":{"start":{"line":26,"column":21},"end":{"line":26,"column":36}},"16":{"start":{"line":32,"column":4},"end":{"line":32,"column":49}},"17":{"start":{"line":36,"column":21},"end":{"line":36,"column":44}},"18":{"start":{"line":37,"column":21},"end":{"line":37,"column":55}},"19":{"start":{"line":39,"column":19},"end":{"line":39,"column":60}},"20":{"start":{"line":40,"column":4},"end":{"line":40,"column":20}},"21":{"start":{"line":44,"column":34},"end":{"line":44,"column":42}},"22":{"start":{"line":45,"column":18},"end":{"line":45,"column":57}},"23":{"start":{"line":47,"column":26},"end":{"line":53,"column":6}},"24":{"start":{"line":55,"column":4},"end":{"line":60,"column":7}},"25":{"start":{"line":64,"column":15},"end":{"line":64,"column":59}},"26":{"start":{"line":65,"column":19},"end":{"line":70,"column":18}},"27":{"start":{"line":71,"column":4},"end":{"line":71,"column":34}},"28":{"start":{"line":77,"column":15},"end":{"line":77,"column":59}},"29":{"start":{"line":78,"column":19},"end":{"line":90,"column":19}},"30":{"start":{"line":92,"column":17},"end":{"line":92,"column":50}},"31":{"start":{"line":92,"column":35},"end":{"line":92,"column":49}},"32":{"start":{"line":93,"column":22},"end":{"line":93,"column":53}},"33":{"start":{"line":94,"column":4},"end":{"line":94,"column":26}},"34":{"start":{"line":95,"column":4},"end":{"line":95,"column":21}},"35":{"start":{"line":101,"column":15},"end":{"line":101,"column":59}},"36":{"start":{"line":103,"column":19},"end":{"line":118,"column":19}},"37":{"start":{"line":119,"column":17},"end":{"line":119,"column":63}},"38":{"start":{"line":119,"column":35},"end":{"line":119,"column":62}},"39":{"start":{"line":120,"column":22},"end":{"line":120,"column":66}},"40":{"start":{"line":121,"column":4},"end":{"line":121,"column":26}},"41":{"start":{"line":122,"column":4},"end":{"line":122,"column":21}},"42":{"start":{"line":126,"column":19},"end":{"line":126,"column":27}},"43":{"start":{"line":127,"column":4},"end":{"line":132,"column":7}},"44":{"start":{"line":136,"column":16},"end":{"line":136,"column":44}},"45":{"start":{"line":138,"column":4},"end":{"line":140,"column":null}},"46":{"start":{"line":139,"column":6},"end":{"line":139,"column":59}},"47":{"start":{"line":142,"column":4},"end":{"line":142,"column":15}},"48":{"start":{"line":146,"column":21},"end":{"line":146,"column":44}},"49":{"start":{"line":148,"column":21},"end":{"line":148,"column":55}},"50":{"start":{"line":150,"column":4},"end":{"line":153,"column":7}},"51":{"start":{"line":22,"column":13},"end":{"line":155,"column":null}},"52":{"start":{"line":22,"column":13},"end":{"line":22,"column":20}}},"fnMap":{"0":{"name":"(anonymous_4)","decl":{"start":{"line":23,"column":2},"end":{"line":23,"column":null}},"loc":{"start":{"line":26,"column":51},"end":{"line":29,"column":3}}},"1":{"name":"(anonymous_5)","decl":{"start":{"line":31,"column":2},"end":{"line":31,"column":7}},"loc":{"start":{"line":31,"column":35},"end":{"line":33,"column":3}}},"2":{"name":"(anonymous_6)","decl":{"start":{"line":35,"column":2},"end":{"line":35,"column":7}},"loc":{"start":{"line":35,"column":27},"end":{"line":41,"column":3}}},"3":{"name":"(anonymous_7)","decl":{"start":{"line":43,"column":2},"end":{"line":43,"column":7}},"loc":{"start":{"line":43,"column":42},"end":{"line":61,"column":3}}},"4":{"name":"(anonymous_8)","decl":{"start":{"line":63,"column":2},"end":{"line":63,"column":7}},"loc":{"start":{"line":63,"column":46},"end":{"line":72,"column":3}}},"5":{"name":"(anonymous_9)","decl":{"start":{"line":74,"column":2},"end":{"line":74,"column":7}},"loc":{"start":{"line":75,"column":34},"end":{"line":96,"column":3}}},"6":{"name":"(anonymous_10)","decl":{"start":{"line":92,"column":28},"end":{"line":92,"column":29}},"loc":{"start":{"line":92,"column":35},"end":{"line":92,"column":49}}},"7":{"name":"(anonymous_11)","decl":{"start":{"line":98,"column":2},"end":{"line":98,"column":7}},"loc":{"start":{"line":99,"column":34},"end":{"line":123,"column":3}}},"8":{"name":"(anonymous_12)","decl":{"start":{"line":119,"column":28},"end":{"line":119,"column":29}},"loc":{"start":{"line":119,"column":35},"end":{"line":119,"column":62}}},"9":{"name":"(anonymous_13)","decl":{"start":{"line":125,"column":2},"end":{"line":125,"column":7}},"loc":{"start":{"line":125,"column":37},"end":{"line":133,"column":3}}},"10":{"name":"(anonymous_14)","decl":{"start":{"line":135,"column":2},"end":{"line":135,"column":7}},"loc":{"start":{"line":135,"column":43},"end":{"line":143,"column":3}}},"11":{"name":"(anonymous_15)","decl":{"start":{"line":145,"column":2},"end":{"line":145,"column":7}},"loc":{"start":{"line":145,"column":49},"end":{"line":154,"column":3}}}},"branchMap":{"0":{"loc":{"start":{"line":86,"column":13},"end":{"line":86,"column":32}},"type":"cond-expr","locations":[{"start":{"line":86,"column":27},"end":{"line":86,"column":31}},{"start":{"line":86,"column":31},"end":{"line":86,"column":32}}]},"1":{"loc":{"start":{"line":86,"column":13},"end":{"line":86,"column":31}},"type":"binary-expr","locations":[{"start":{"line":86,"column":13},"end":{"line":86,"column":31}},{"start":{"line":86,"column":27},"end":{"line":86,"column":31}}]},"2":{"loc":{"start":{"line":114,"column":13},"end":{"line":114,"column":32}},"type":"cond-expr","locations":[{"start":{"line":114,"column":27},"end":{"line":114,"column":31}},{"start":{"line":114,"column":31},"end":{"line":114,"column":32}}]},"3":{"loc":{"start":{"line":114,"column":13},"end":{"line":114,"column":31}},"type":"binary-expr","locations":[{"start":{"line":114,"column":13},"end":{"line":114,"column":31}},{"start":{"line":114,"column":27},"end":{"line":114,"column":31}}]},"4":{"loc":{"start":{"line":129,"column":12},"end":{"line":129,"column":24}},"type":"binary-expr","locations":[{"start":{"line":129,"column":12},"end":{"line":129,"column":14}},{"start":{"line":129,"column":18},"end":{"line":129,"column":24}}]},"5":{"loc":{"start":{"line":138,"column":4},"end":{"line":140,"column":null}},"type":"if","locations":[{"start":{"line":138,"column":4},"end":{"line":140,"column":null}}]}},"s":{"0":1,"1":1,"2":1,"3":1,"4":1,"5":1,"6":1,"7":1,"8":1,"9":1,"10":1,"11":1,"12":1,"13":16,"14":16,"15":16,"16":1,"17":1,"18":1,"19":1,"20":1,"21":6,"22":6,"23":6,"24":6,"25":0,"26":0,"27":0,"28":2,"29":2,"30":2,"31":102,"32":2,"33":2,"34":2,"35":2,"36":2,"37":2,"38":26,"39":2,"40":2,"41":2,"42":8,"43":8,"44":8,"45":8,"46":0,"47":8,"48":3,"49":3,"50":3,"51":1,"52":1},"f":{"0":16,"1":1,"2":1,"3":6,"4":0,"5":2,"6":102,"7":2,"8":26,"9":8,"10":8,"11":3},"b":{"0":[1,1],"1":[2,2],"2":[1,1],"3":[2,2],"4":[8,8],"5":[0]}},"/home/adrian/Private/deel-assignment/apps/api/src/job/dto/job.dto.ts":{"path":"/home/adrian/Private/deel-assignment/apps/api/src/job/dto/job.dto.ts","statementMap":{"0":{"start":{"line":19,"column":4},"end":{"line":19,"column":32}},"1":{"start":{"line":3,"column":0},"end":{"line":3,"column":13}}},"fnMap":{"0":{"name":"(anonymous_0)","decl":{"start":{"line":18,"column":2},"end":{"line":18,"column":14}},"loc":{"start":{"line":18,"column":42},"end":{"line":20,"column":3}}}},"branchMap":{"0":{"loc":{"start":{"line":18,"column":14},"end":{"line":18,"column":42}},"type":"default-arg","locations":[{"start":{"line":18,"column":40},"end":{"line":18,"column":42}}]}},"s":{"0":125,"1":1},"f":{"0":125},"b":{"0":[0]}},"/home/adrian/Private/deel-assignment/apps/api/src/job/dto/ranking-profession.dto.ts":{"path":"/home/adrian/Private/deel-assignment/apps/api/src/job/dto/ranking-profession.dto.ts","statementMap":{"0":{"start":{"line":8,"column":4},"end":{"line":8,"column":32}},"1":{"start":{"line":3,"column":0},"end":{"line":3,"column":13}}},"fnMap":{"0":{"name":"(anonymous_0)","decl":{"start":{"line":7,"column":2},"end":{"line":7,"column":14}},"loc":{"start":{"line":7,"column":56},"end":{"line":9,"column":3}}}},"branchMap":{"0":{"loc":{"start":{"line":7,"column":14},"end":{"line":7,"column":56}},"type":"default-arg","locations":[{"start":{"line":7,"column":54},"end":{"line":7,"column":56}}]}},"s":{"0":26,"1":1},"f":{"0":26},"b":{"0":[0]}},"/home/adrian/Private/deel-assignment/apps/api/src/job/dto/criteria/date-range-criteria.dto.ts":{"path":"/home/adrian/Private/deel-assignment/apps/api/src/job/dto/criteria/date-range-criteria.dto.ts","statementMap":{"0":{"start":{"line":1,"column":0},"end":{"line":1,"column":80}},"1":{"start":{"line":9,"column":4},"end":{"line":9,"column":12}},"2":{"start":{"line":10,"column":4},"end":{"line":10,"column":32}},"3":{"start":{"line":3,"column":0},"end":{"line":3,"column":13}}},"fnMap":{"0":{"name":"(anonymous_0)","decl":{"start":{"line":8,"column":2},"end":{"line":8,"column":14}},"loc":{"start":{"line":8,"column":56},"end":{"line":11,"column":3}}}},"branchMap":{"0":{"loc":{"start":{"line":8,"column":14},"end":{"line":8,"column":56}},"type":"default-arg","locations":[{"start":{"line":8,"column":54},"end":{"line":8,"column":56}}]}},"s":{"0":1,"1":4,"2":4,"3":1},"f":{"0":4},"b":{"0":[0]}},"/home/adrian/Private/deel-assignment/apps/api/src/job/dto/criteria/job-criteria.dto.ts":{"path":"/home/adrian/Private/deel-assignment/apps/api/src/job/dto/criteria/job-criteria.dto.ts","statementMap":{"0":{"start":{"line":5,"column":0},"end":{"line":5,"column":71}},"1":{"start":{"line":19,"column":4},"end":{"line":19,"column":12}},"2":{"start":{"line":20,"column":4},"end":{"line":20,"column":32}},"3":{"start":{"line":7,"column":0},"end":{"line":7,"column":13}}},"fnMap":{"0":{"name":"(anonymous_0)","decl":{"start":{"line":18,"column":2},"end":{"line":18,"column":14}},"loc":{"start":{"line":18,"column":42},"end":{"line":21,"column":3}}}},"branchMap":{},"s":{"0":1,"1":8,"2":8,"3":1},"f":{"0":8},"b":{}},"/home/adrian/Private/deel-assignment/apps/api/src/job/dto/criteria/jobs-list-criteria.dto.ts":{"path":"/home/adrian/Private/deel-assignment/apps/api/src/job/dto/criteria/jobs-list-criteria.dto.ts","statementMap":{"0":{"start":{"line":5,"column":0},"end":{"line":5,"column":80}},"1":{"start":{"line":24,"column":4},"end":{"line":24,"column":12}},"2":{"start":{"line":25,"column":4},"end":{"line":25,"column":32}},"3":{"start":{"line":20,"column":4},"end":{"line":20,"column":58}},"4":{"start":{"line":7,"column":0},"end":{"line":7,"column":13}}},"fnMap":{"0":{"name":"(anonymous_0)","decl":{"start":{"line":23,"column":2},"end":{"line":23,"column":14}},"loc":{"start":{"line":23,"column":51},"end":{"line":26,"column":3}}},"1":{"name":"(anonymous_1)","decl":{"start":{"line":19,"column":2},"end":{"line":19,"column":6}},"loc":{"start":{"line":19,"column":25},"end":{"line":21,"column":3}}}},"branchMap":{"0":{"loc":{"start":{"line":23,"column":14},"end":{"line":23,"column":51}},"type":"default-arg","locations":[{"start":{"line":23,"column":49},"end":{"line":23,"column":51}}]},"1":{"loc":{"start":{"line":20,"column":11},"end":{"line":20,"column":57}},"type":"binary-expr","locations":[{"start":{"line":20,"column":11},"end":{"line":20,"column":33}},{"start":{"line":20,"column":37},"end":{"line":20,"column":57}}]}},"s":{"0":1,"1":6,"2":6,"3":6,"4":1},"f":{"0":6,"1":6},"b":{"0":[0],"1":[6,0]}},"/home/adrian/Private/deel-assignment/apps/api/src/job/dto/request/create-job.dto.ts":{"path":"/home/adrian/Private/deel-assignment/apps/api/src/job/dto/request/create-job.dto.ts","statementMap":{"0":{"start":{"line":1,"column":0},"end":{"line":1,"column":null}},"1":{"start":{"line":11,"column":0},"end":{"line":11,"column":60}},"2":{"start":{"line":33,"column":4},"end":{"line":33,"column":32}},"3":{"start":{"line":19,"column":2},"end":{"line":19,"column":null}},"4":{"start":{"line":26,"column":2},"end":{"line":26,"column":null}},"5":{"start":{"line":30,"column":2},"end":{"line":30,"column":null}},"6":{"start":{"line":14,"column":0},"end":{"line":14,"column":13}}},"fnMap":{"0":{"name":"(anonymous_2)","decl":{"start":{"line":32,"column":2},"end":{"line":32,"column":14}},"loc":{"start":{"line":32,"column":48},"end":{"line":34,"column":3}}}},"branchMap":{"0":{"loc":{"start":{"line":32,"column":14},"end":{"line":32,"column":48}},"type":"default-arg","locations":[{"start":{"line":32,"column":46},"end":{"line":32,"column":48}}]}},"s":{"0":1,"1":1,"2":4,"3":1,"4":1,"5":1,"6":1},"f":{"0":4},"b":{"0":[4]}},"/home/adrian/Private/deel-assignment/apps/api/src/job/dto/request/date-range-filter.dto.ts":{"path":"/home/adrian/Private/deel-assignment/apps/api/src/job/dto/request/date-range-filter.dto.ts","statementMap":{"0":{"start":{"line":1,"column":0},"end":{"line":1,"column":null}},"1":{"start":{"line":13,"column":0},"end":{"line":13,"column":75}},"2":{"start":{"line":25,"column":4},"end":{"line":25,"column":12}},"3":{"start":{"line":26,"column":4},"end":{"line":26,"column":32}},"4":{"start":{"line":18,"column":2},"end":{"line":18,"column":null}},"5":{"start":{"line":22,"column":2},"end":{"line":22,"column":null}},"6":{"start":{"line":15,"column":0},"end":{"line":15,"column":13}}},"fnMap":{"0":{"name":"(anonymous_2)","decl":{"start":{"line":24,"column":2},"end":{"line":24,"column":14}},"loc":{"start":{"line":24,"column":54},"end":{"line":27,"column":3}}}},"branchMap":{"0":{"loc":{"start":{"line":24,"column":14},"end":{"line":24,"column":54}},"type":"default-arg","locations":[{"start":{"line":24,"column":52},"end":{"line":24,"column":54}}]}},"s":{"0":1,"1":1,"2":4,"3":4,"4":1,"5":1,"6":1},"f":{"0":4},"b":{"0":[4]}},"/home/adrian/Private/deel-assignment/apps/api/src/job/dto/request/jobs-list-filter.dto.ts":{"path":"/home/adrian/Private/deel-assignment/apps/api/src/job/dto/request/jobs-list-filter.dto.ts","statementMap":{"0":{"start":{"line":2,"column":0},"end":{"line":2,"column":60}},"1":{"start":{"line":3,"column":0},"end":{"line":3,"column":46}},"2":{"start":{"line":4,"column":0},"end":{"line":4,"column":64}},"3":{"start":{"line":5,"column":0},"end":{"line":5,"column":75}},"4":{"start":{"line":11,"column":2},"end":{"line":11,"column":null}},"5":{"start":{"line":14,"column":2},"end":{"line":14,"column":null}},"6":{"start":{"line":17,"column":2},"end":{"line":17,"column":null}},"7":{"start":{"line":21,"column":2},"end":{"line":21,"column":null}},"8":{"start":{"line":25,"column":2},"end":{"line":25,"column":null}},"9":{"start":{"line":29,"column":2},"end":{"line":29,"column":null}},"10":{"start":{"line":33,"column":2},"end":{"line":33,"column":null}},"11":{"start":{"line":7,"column":0},"end":{"line":7,"column":13}}},"fnMap":{},"branchMap":{},"s":{"0":1,"1":1,"2":1,"3":1,"4":1,"5":1,"6":1,"7":1,"8":1,"9":1,"10":1,"11":1},"f":{},"b":{}},"/home/adrian/Private/deel-assignment/apps/api/src/job/dto/request/update-job.dto.ts":{"path":"/home/adrian/Private/deel-assignment/apps/api/src/job/dto/request/update-job.dto.ts","statementMap":{"0":{"start":{"line":1,"column":0},"end":{"line":1,"column":46}},"1":{"start":{"line":2,"column":0},"end":{"line":2,"column":48}},"2":{"start":{"line":6,"column":4},"end":{"line":6,"column":18}},"3":{"start":{"line":7,"column":4},"end":{"line":7,"column":32}},"4":{"start":{"line":4,"column":0},"end":{"line":4,"column":13}}},"fnMap":{"0":{"name":"(anonymous_0)","decl":{"start":{"line":5,"column":2},"end":{"line":5,"column":14}},"loc":{"start":{"line":5,"column":48},"end":{"line":8,"column":3}}}},"branchMap":{"0":{"loc":{"start":{"line":5,"column":14},"end":{"line":5,"column":48}},"type":"default-arg","locations":[{"start":{"line":5,"column":46},"end":{"line":5,"column":48}}]}},"s":{"0":1,"1":1,"2":3,"3":3,"4":1},"f":{"0":3},"b":{"0":[3]}},"/home/adrian/Private/deel-assignment/apps/api/src/job/entities/job.entity.ts":{"path":"/home/adrian/Private/deel-assignment/apps/api/src/job/entities/job.entity.ts","statementMap":{"0":{"start":{"line":1,"column":0},"end":{"line":1,"column":52}},"1":{"start":{"line":4,"column":0},"end":{"line":4,"column":76}},"2":{"start":{"line":5,"column":0},"end":{"line":5,"column":66}},"3":{"start":{"line":8,"column":0},"end":{"line":58,"column":null}},"4":{"start":{"line":55,"column":4},"end":{"line":55,"column":12}},"5":{"start":{"line":56,"column":4},"end":{"line":56,"column":32}},"6":{"start":{"line":13,"column":2},"end":{"line":13,"column":null}},"7":{"start":{"line":21,"column":2},"end":{"line":21,"column":null}},"8":{"start":{"line":29,"column":2},"end":{"line":29,"column":null}},"9":{"start":{"line":38,"column":2},"end":{"line":38,"column":null}},"10":{"start":{"line":47,"column":2},"end":{"line":47,"column":null}},"11":{"start":{"line":52,"column":2},"end":{"line":52,"column":null}},"12":{"start":{"line":49,"column":19},"end":{"line":49,"column":27}},"13":{"start":{"line":49,"column":43},"end":{"line":49,"column":56}},"14":{"start":{"line":8,"column":13},"end":{"line":58,"column":null}},"15":{"start":{"line":8,"column":13},"end":{"line":8,"column":16}}},"fnMap":{"0":{"name":"(anonymous_2)","decl":{"start":{"line":54,"column":2},"end":{"line":54,"column":14}},"loc":{"start":{"line":54,"column":39},"end":{"line":57,"column":3}}},"1":{"name":"(anonymous_3)","decl":{"start":{"line":49,"column":13},"end":{"line":49,"column":16}},"loc":{"start":{"line":49,"column":19},"end":{"line":49,"column":27}}},"2":{"name":"(anonymous_4)","decl":{"start":{"line":49,"column":29},"end":{"line":49,"column":30}},"loc":{"start":{"line":49,"column":43},"end":{"line":49,"column":56}}}},"branchMap":{"0":{"loc":{"start":{"line":54,"column":14},"end":{"line":54,"column":39}},"type":"default-arg","locations":[{"start":{"line":54,"column":37},"end":{"line":54,"column":39}}]}},"s":{"0":1,"1":1,"2":1,"3":1,"4":1489,"5":1489,"6":1,"7":1,"8":1,"9":1,"10":1,"11":1,"12":32,"13":32,"14":1,"15":1},"f":{"0":1489,"1":32,"2":32},"b":{"0":[765]}},"/home/adrian/Private/deel-assignment/apps/api/src/job/exceptions/job-not-found.exception.ts":{"path":"/home/adrian/Private/deel-assignment/apps/api/src/job/exceptions/job-not-found.exception.ts","statementMap":{"0":{"start":{"line":1,"column":0},"end":{"line":1,"column":37}},"1":{"start":{"line":2,"column":0},"end":{"line":2,"column":64}},"2":{"start":{"line":3,"column":0},"end":{"line":3,"column":44}},"3":{"start":{"line":11,"column":4},"end":{"line":11,"column":32}},"4":{"start":{"line":9,"column":2},"end":{"line":9,"column":47}},"5":{"start":{"line":8,"column":0},"end":{"line":8,"column":13}}},"fnMap":{"0":{"name":"(anonymous_0)","decl":{"start":{"line":10,"column":2},"end":{"line":10,"column":null}},"loc":{"start":{"line":10,"column":2},"end":{"line":12,"column":3}}}},"branchMap":{},"s":{"0":1,"1":1,"2":1,"3":2,"4":2,"5":1},"f":{"0":2},"b":{}},"/home/adrian/Private/deel-assignment/apps/api/src/job/exceptions/job-was-already-paid.exception.ts":{"path":"/home/adrian/Private/deel-assignment/apps/api/src/job/exceptions/job-was-already-paid.exception.ts","statementMap":{"0":{"start":{"line":1,"column":0},"end":{"line":1,"column":37}},"1":{"start":{"line":2,"column":0},"end":{"line":2,"column":64}},"2":{"start":{"line":3,"column":0},"end":{"line":3,"column":44}},"3":{"start":{"line":11,"column":4},"end":{"line":11,"column":31}},"4":{"start":{"line":9,"column":2},"end":{"line":9,"column":58}},"5":{"start":{"line":8,"column":0},"end":{"line":8,"column":13}}},"fnMap":{"0":{"name":"(anonymous_0)","decl":{"start":{"line":10,"column":2},"end":{"line":10,"column":null}},"loc":{"start":{"line":10,"column":2},"end":{"line":12,"column":3}}}},"branchMap":{},"s":{"0":1,"1":1,"2":1,"3":1,"4":1,"5":1},"f":{"0":1},"b":{}},"/home/adrian/Private/deel-assignment/apps/api/src/job/interfaces/jobs-controller.interface.ts":{"path":"/home/adrian/Private/deel-assignment/apps/api/src/job/interfaces/jobs-controller.interface.ts","statementMa
[...]
start":{"line":27,"column":2},"end":{"line":27,"column":51}},"17":{"start":{"line":26,"column":13},"end":{"line":26,"column":37}},"18":{"start":{"line":30,"column":29},"end":{"line":48,"column":1}},"19":{"start":{"line":33,"column":2},"end":{"line":47,"column":4}},"20":{"start":{"line":30,"column":13},"end":{"line":30,"column":29}},"21":{"start":{"line":51,"column":2},"end":{"line":67,"column":null}},"22":{"start":{"line":52,"column":25},"end":{"line":52,"column":41}},"23":{"start":{"line":54,"column":4},"end":{"line":64,"column":null}},"24":{"start":{"line":55,"column":6},"end":{"line":63,"column":null}},"25":{"start":{"line":56,"column":8},"end":{"line":56,"column":34}},"26":{"start":{"line":58,"column":8},"end":{"line":60,"column":null}},"27":{"start":{"line":59,"column":10},"end":{"line":59,"column":38}},"28":{"start":{"line":62,"column":8},"end":{"line":62,"column":29}},"29":{"start":{"line":66,"column":4},"end":{"line":66,"column":25}},"30":{"start":{"line":50,"column":0},"end":{"line":50,"column":7}},"31":{"start":{"line":70,"column":30},"end":{"line":108,"column":1}},"32":{"start":{"line":73,"column":24},"end":{"line":90,"column":14}},"33":{"start":{"line":92,"column":14},"end":{"line":92,"column":51}},"34":{"start":{"line":93,"column":25},"end":{"line":94,"column":null}},"35":{"start":{"line":96,"column":2},"end":{"line":96,"column":37}},"36":{"start":{"line":97,"column":26},"end":{"line":97,"column":77}},"37":{"start":{"line":99,"column":2},"end":{"line":99,"column":40}},"38":{"start":{"line":101,"column":2},"end":{"line":106,"column":null}},"39":{"start":{"line":102,"column":4},"end":{"line":102,"column":21}},"40":{"start":{"line":103,"column":4},"end":{"line":103,"column":22}},"41":{"start":{"line":105,"column":4},"end":{"line":105,"column":23}},"42":{"start":{"line":107,"column":2},"end":{"line":107,"column":13}},"43":{"start":{"line":70,"column":13},"end":{"line":70,"column":30}}},"fnMap":{"0":{"name":"(anonymous_0)","decl":{"start":{"line":26,"column":37},"end":{"line":26,"column":42}},"loc":{"start":{"line":26,"column":48},"end":{"line":28,"column":1}}},"1":{"name":"(anonymous_1)","decl":{"start":{"line":30,"column":29},"end":{"line":30,"column":null}},"loc":{"start":{"line":32,"column":26},"end":{"line":48,"column":1}}},"2":{"name":"seedDb","decl":{"start":{"line":50,"column":22},"end":{"line":50,"column":28}},"loc":{"start":{"line":50,"column":50},"end":{"line":68,"column":1}}},"3":{"name":"(anonymous_3)","decl":{"start":{"line":70,"column":30},"end":{"line":70,"column":35}},"loc":{"start":{"line":72,"column":31},"end":{"line":108,"column":1}}}},"branchMap":{"0":{"loc":{"start":{"line":58,"column":8},"end":{"line":60,"column":null}},"type":"if","locations":[{"start":{"line":58,"column":8},"end":{"line":60,"column":null}}]}},"s":{"0":1,"1":1,"2":1,"3":1,"4":1,"5":1,"6":1,"7":1,"8":1,"9":1,"10":1,"11":1,"12":1,"13":1,"14":1,"15":1,"16":1,"17":1,"18":1,"19":16,"20":1,"21":16,"22":16,"23":16,"24":16,"25":16,"26":16,"27":0,"28":0,"29":0,"30":1,"31":1,"32":16,"33":16,"34":16,"35":16,"36":16,"37":16,"38":16,"39":16,"40":16,"41":0,"42":16,"43":1},"f":{"0":1,"1":16,"2":16,"3":16},"b":{"0":[0]}},"/home/adrian/Private/deel-assignment/test/utils/http-mock.client.ts":{"path":"/home/adrian/Private/deel-assignment/test/utils/http-mock.client.ts","statementMap":{"0":{"start":{"line":1,"column":0},"end":{"line":1,"column":44}},"1":{"start":{"line":10,"column":4},"end":{"line":10,"column":33}},"2":{"start":{"line":17,"column":4},"end":{"line":17,"column":33}},"3":{"start":{"line":24,"column":4},"end":{"line":24,"column":33}},"4":{"start":{"line":32,"column":4},"end":{"line":32,"column":33}},"5":{"start":{"line":40,"column":4},"end":{"line":40,"column":33}},"6":{"start":{"line":48,"column":4},"end":{"line":48,"column":33}},"7":{"start":{"line":52,"column":4},"end":{"line":52,"column":33}},"8":{"start":{"line":5,"column":0},"end":{"line":5,"column":13}}},"fnMap":{"0":{"name":"(anonymous_0)","decl":{"start":{"line":6,"column":2},"end":{"line":6,"column":8}},"loc":{"start":{"line":8,"column":31},"end":{"line":11,"column":3}}},"1":{"name":"(anonymous_1)","decl":{"start":{"line":13,"column":2},"end":{"line":13,"column":5}},"loc":{"start":{"line":15,"column":31},"end":{"line":18,"column":3}}},"2":{"name":"(anonymous_2)","decl":{"start":{"line":20,"column":2},"end":{"line":20,"column":6}},"loc":{"start":{"line":22,"column":31},"end":{"line":25,"column":3}}},"3":{"name":"(anonymous_3)","decl":{"start":{"line":27,"column":2},"end":{"line":27,"column":7}},"loc":{"start":{"line":30,"column":31},"end":{"line":33,"column":3}}},"4":{"name":"(anonymous_4)","decl":{"start":{"line":35,"column":2},"end":{"line":35,"column":6}},"loc":{"start":{"line":38,"column":31},"end":{"line":41,"column":3}}},"5":{"name":"(anonymous_5)","decl":{"start":{"line":43,"column":2},"end":{"line":43,"column":5}},"loc":{"start":{"line":46,"column":31},"end":{"line":49,"column":3}}},"6":{"name":"(anonymous_6)","decl":{"start":{"line":51,"column":2},"end":{"line":51,"column":9}},"loc":{"start":{"line":51,"column":45},"end":{"line":53,"column":3}}}},"branchMap":{},"s":{"0":1,"1":0,"2":0,"3":0,"4":0,"5":0,"6":0,"7":0,"8":1},"f":{"0":0,"1":0,"2":0,"3":0,"4":0,"5":0,"6":0},"b":{}},"/home/adrian/Private/deel-assignment/test/utils/postgress.testcontainers.ts":{"path":"/home/adrian/Private/deel-assignment/test/utils/postgress.testcontainers.ts","statementMap":{"0":{"start":{"line":1,"column":0},"end":{"line":1,"column":50}},"1":{"start":{"line":5,"column":44},"end":{"line":9,"column":4}},"2":{"start":{"line":11,"column":2},"end":{"line":34,"column":13}},"3":{"start":{"line":4,"column":0},"end":{"line":4,"column":7}}},"fnMap":{"0":{"name":"getPostgresContainer","decl":{"start":{"line":4,"column":22},"end":{"line":4,"column":42}},"loc":{"start":{"line":4,"column":47},"end":{"line":35,"column":1}}}},"branchMap":{},"s":{"0":1,"1":1,"2":1,"3":1},"f":{"0":1},"b":{}},"/home/adrian/Private/deel-assignment/test/utils/clients/admin.client.ts":{"path":"/home/adrian/Private/deel-assignment/test/utils/clients/admin.client.ts","statementMap":{"0":{"start":{"line":1,"column":0},"end":{"line":1,"column":37}},"1":{"start":{"line":8,"column":0},"end":{"line":8,"column":44}},"2":{"start":{"line":18,"column":21},"end":{"line":18,"column":36}},"3":{"start":{"line":19,"column":21},"end":{"line":19,"column":43}},"4":{"start":{"line":26,"column":19},"end":{"line":30,"column":29}},"5":{"start":{"line":32,"column":4},"end":{"line":32,"column":35}},"6":{"start":{"line":39,"column":19},"end":{"line":42,"column":29}},"7":{"start":{"line":44,"column":4},"end":{"line":44,"column":35}},"8":{"start":{"line":16,"column":0},"end":{"line":16,"column":13}}},"fnMap":{"0":{"name":"(anonymous_0)","decl":{"start":{"line":17,"column":2},"end":{"line":17,"column":null}},"loc":{"start":{"line":19,"column":45},"end":{"line":20,"column":6}}},"1":{"name":"(anonymous_1)","decl":{"start":{"line":22,"column":2},"end":{"line":22,"column":7}},"loc":{"start":{"line":24,"column":34},"end":{"line":33,"column":3}}},"2":{"name":"(anonymous_2)","decl":{"start":{"line":35,"column":2},"end":{"line":35,"column":7}},"loc":{"start":{"line":37,"column":34},"end":{"line":45,"column":3}}}},"branchMap":{"0":{"loc":{"start":{"line":19,"column":21},"end":{"line":19,"column":45}},"type":"default-arg","locations":[{"start":{"line":19,"column":43},"end":{"line":19,"column":45}}]},"1":{"loc":{"start":{"line":24,"column":4},"end":{"line":24,"column":34}},"type":"default-arg","locations":[{"start":{"line":24,"column":21},"end":{"line":24,"column":34}}]},"2":{"loc":{"start":{"line":37,"column":4},"end":{"line":37,"column":34}},"type":"default-arg","locations":[{"start":{"line":37,"column":21},"end":{"line":37,"column":34}}]}},"s":{"0":1,"1":1,"2":16,"3":16,"4":2,"5":2,"6":2,"7":2,"8":1},"f":{"0":16,"1":2,"2":2},"b":{"0":[16],"1":[2],"2":[2]}},"/home/adrian/Private/deel-assignment/test/utils/clients/contracts.client.ts":{"path":"/home/adrian/Private/deel-assignment/test/utils/clients/contracts.client.ts","statementMap":{"0":{"start":{"line":1,"column":0},"end":{"line":1,"column":37}},"1":{"start":{"line":9,"column":0},"end":{"line":9,"column":44}},"2":{"start":{"line":13,"column":21},"end":{"line":13,"column":36}},"3":{"start":{"line":14,"column":21},"end":{"line":14,"column":43}},"4":{"start":{"line":21,"column":21},"end":{"line":26,"column":29}},"5":{"start":{"line":28,"column":4},"end":{"line":28,"column":37}},"6":{"start":{"line":35,"column":21},"end":{"line":42,"column":29}},"7":{"start":{"line":44,"column":16},"end":{"line":44,"column":41}},"8":{"start":{"line":45,"column":4},"end":{"line":45,"column":15}},"9":{"start":{"line":52,"column":19},"end":{"line":58,"column":29}},"10":{"start":{"line":60,"column":4},"end":{"line":60,"column":35}},"11":{"start":{"line":68,"column":21},"end":{"line":74,"column":29}},"12":{"start":{"line":76,"column":4},"end":{"line":76,"column":37}},"13":{"start":{"line":79,"column":21},"end":{"line":84,"column":29}},"14":{"start":{"line":86,"column":4},"end":{"line":86,"column":37}},"15":{"start":{"line":11,"column":0},"end":{"line":11,"column":13}}},"fnMap":{"0":{"name":"(anonymous_0)","decl":{"start":{"line":12,"column":2},"end":{"line":12,"column":null}},"loc":{"start":{"line":14,"column":45},"end":{"line":15,"column":6}}},"1":{"name":"(anonymous_1)","decl":{"start":{"line":17,"column":2},"end":{"line":17,"column":7}},"loc":{"start":{"line":19,"column":34},"end":{"line":29,"column":3}}},"2":{"name":"(anonymous_2)","decl":{"start":{"line":31,"column":2},"end":{"line":31,"column":7}},"loc":{"start":{"line":33,"column":34},"end":{"line":46,"column":3}}},"3":{"name":"(anonymous_3)","decl":{"start":{"line":48,"column":2},"end":{"line":48,"column":7}},"loc":{"start":{"line":50,"column":39},"end":{"line":61,"column":3}}},"4":{"name":"(anonymous_4)","decl":{"start":{"line":63,"column":2},"end":{"line":63,"column":7}},"loc":{"start":{"line":66,"column":34},"end":{"line":77,"column":3}}},"5":{"name":"(anonymous_5)","decl":{"start":{"line":78,"column":2},"end":{"line":78,"column":7}},"loc":{"start":{"line":78,"column":59},"end":{"line":87,"column":3}}}},"branchMap":{"0":{"loc":{"start":{"line":14,"column":21},"end":{"line":14,"column":45}},"type":"default-arg","locations":[{"start":{"line":14,"column":43},"end":{"line":14,"column":45}}]},"1":{"loc":{"start":{"line":18,"column":4},"end":{"line":18,"column":21}},"type":"default-arg","locations":[{"start":{"line":18,"column":19},"end":{"line":18,"column":21}}]},"2":{"loc":{"start":{"line":19,"column":4},"end":{"line":19,"column":34}},"type":"default-arg","locations":[{"start":{"line":19,"column":21},"end":{"line":19,"column":34}}]},"3":{"loc":{"start":{"line":32,"column":4},"end":{"line":32,"column":40}},"type":"default-arg","locations":[{"start":{"line":32,"column":38},"end":{"line":32,"column":40}}]},"4":{"loc":{"start":{"line":33,"column":4},"end":{"line":33,"column":34}},"type":"default-arg","locations":[{"start":{"line":33,"column":21},"end":{"line":33,"column":34}}]},"5":{"loc":{"start":{"line":50,"column":4},"end":{"line":50,"column":39}},"type":"default-arg","locations":[{"start":{"line":50,"column":21},"end":{"line":50,"column":39}}]},"6":{"loc":{"start":{"line":66,"column":4},"end":{"line":66,"column":34}},"type":"default-arg","locations":[{"start":{"line":66,"column":21},"end":{"line":66,"column":34}}]},"7":{"loc":{"start":{"line":78,"column":29},"end":{"line":78,"column":59}},"type":"default-arg","locations":[{"start":{"line":78,"column":46},"end":{"line":78,"column":59}}]}},"s":{"0":1,"1":1,"2":16,"3":16,"4":1,"5":1,"6":10,"7":10,"8":10,"9":1,"10":1,"11":4,"12":4,"13":1,"14":1,"15":1},"f":{"0":16,"1":1,"2":10,"3":1,"4":4,"5":1},"b":{"0":[16],"1":[0],"2":[1],"3":[4],"4":[10],"5":[1],"6":[4],"7":[1]}},"/home/adrian/Private/deel-assignment/test/utils/clients/jobs.client.ts":{"path":"/home/adrian/Private/deel-assignment/test/utils/clients/jobs.client.ts","statementMap":{"0":{"start":{"line":1,"column":0},"end":{"line":1,"column":37}},"1":{"start":{"line":6,"column":0},"end":{"line":6,"column":44}},"2":{"start":{"line":13,"column":21},"end":{"line":13,"column":36}},"3":{"start":{"line":14,"column":21},"end":{"line":14,"column":43}},"4":{"start":{"line":21,"column":19},"end":{"line":24,"column":29}},"5":{"start":{"line":26,"column":4},"end":{"line":26,"column":35}},"6":{"start":{"line":33,"column":19},"end":{"line":36,"column":29}},"7":{"start":{"line":38,"column":4},"end":{"line":38,"column":35}},"8":{"start":{"line":45,"column":19},"end":{"line":49,"column":29}},"9":{"start":{"line":51,"column":21},"end":{"line":51,"column":44}},"10":{"start":{"line":52,"column":4},"end":{"line":52,"column":20}},"11":{"start":{"line":60,"column":21},"end":{"line":64,"column":29}},"12":{"start":{"line":66,"column":4},"end":{"line":66,"column":37}},"13":{"start":{"line":69,"column":21},"end":{"line":72,"column":29}},"14":{"start":{"line":74,"column":4},"end":{"line":74,"column":37}},"15":{"start":{"line":78,"column":21},"end":{"line":81,"column":29}},"16":{"start":{"line":83,"column":4},"end":{"line":83,"column":37}},"17":{"start":{"line":11,"column":0},"end":{"line":11,"column":13}}},"fnMap":{"0":{"name":"(anonymous_0)","decl":{"start":{"line":12,"column":2},"end":{"line":12,"column":null}},"loc":{"start":{"line":14,"column":45},"end":{"line":15,"column":6}}},"1":{"name":"(anonymous_1)","decl":{"start":{"line":17,"column":2},"end":{"line":17,"column":7}},"loc":{"start":{"line":19,"column":34},"end":{"line":27,"column":3}}},"2":{"name":"(anonymous_2)","decl":{"start":{"line":29,"column":2},"end":{"line":29,"column":7}},"loc":{"start":{"line":31,"column":34},"end":{"line":39,"column":3}}},"3":{"name":"(anonymous_3)","decl":{"start":{"line":41,"column":2},"end":{"line":41,"column":7}},"loc":{"start":{"line":43,"column":39},"end":{"line":53,"column":3}}},"4":{"name":"(anonymous_4)","decl":{"start":{"line":55,"column":2},"end":{"line":55,"column":7}},"loc":{"start":{"line":58,"column":34},"end":{"line":67,"column":3}}},"5":{"name":"(anonymous_5)","decl":{"start":{"line":68,"column":2},"end":{"line":68,"column":7}},"loc":{"start":{"line":68,"column":59},"end":{"line":75,"column":3}}},"6":{"name":"(anonymous_6)","decl":{"start":{"line":77,"column":2},"end":{"line":77,"column":7}},"loc":{"start":{"line":77,"column":59},"end":{"line":84,"column":3}}}},"branchMap":{"0":{"loc":{"start":{"line":14,"column":21},"end":{"line":14,"column":45}},"type":"default-arg","locations":[{"start":{"line":14,"column":43},"end":{"line":14,"column":45}}]},"1":{"loc":{"start":{"line":18,"column":4},"end":{"line":18,"column":21}},"type":"default-arg","locations":[{"start":{"line":18,"column":19},"end":{"line":18,"column":21}}]},"2":{"loc":{"start":{"line":19,"column":4},"end":{"line":19,"column":34}},"type":"default-arg","locations":[{"start":{"line":19,"column":21},"end":{"line":19,"column":34}}]},"3":{"loc":{"start":{"line":31,"column":4},"end":{"line":31,"column":34}},"type":"default-arg","locations":[{"start":{"line":31,"column":21},"end":{"line":31,"column":34}}]},"4":{"loc":{"start":{"line":43,"column":4},"end":{"line":43,"column":39}},"type":"default-arg","locations":[{"start":{"line":43,"column":21},"end":{"line":43,"column":39}}]},"5":{"loc":{"start":{"line":58,"column":4},"end":{"line":58,"column":34}},"type":"default-arg","locations":[{"start":{"line":58,"column":21},"end":{"line":58,"column":34}}]},"6":{"loc":{"start":{"line":68,"column":29},"end":{"line":68,"column":59}},"type":"default-arg","locations":[{"start":{"line":68,"column":46},"end":{"line":68,"column":59}}]},"7":{"loc":{"start":{"line":77,"column":29},"end":{"line":77,"column":59}},"type":"default-arg","locations":[{"start":{"line":77,"column":46},"end":{"line":77,"column":59}}]}},"s":{"0":1,"1":1,"2":16,"3":16,"4":1,"5":1,"6":6,"7":6,"8":1,"9":1,"10":1,"11":3,"12":3,"13":1,"14":1,"15":0,"16":0,"17":1},"f":{"0":16,"1":1,"2":6,"3":1,"4":3,"5":1,"6":0},"b":{"0":[16],"1":[0],"2":[1],"3":[6],"4":[1],"5":[3],"6":[1],"7":[0]}},"/home/adrian/Private/deel-assignment/test/utils/clients/profiles.client.ts":{"path":"/home/adrian/Private/deel-assignment/test/utils/clients/profiles.client.ts","statementMap":{"0":{"start":{"line":1,"column":0},"end":{"line":1,"column":37}},"1":{"start":{"line":7,"column":0},"end":{"line":7,"column":44}},"2":{"start":{"line":14,"column":21},"end":{"line":14,"column":36}},"3":{"start":{"line":15,"column":21},"end":{"line":15,"column":43}},"4":{"start":{"line":22,"column":16},"end":{"line":25,"column":29}},"5":{"start":{"line":27,"column":4},"end":{"line":27,"column":32}},"6":{"start":{"line":34,"column":21},"end":{"line":38,"column":29}},"7":{"start":{"line":40,"column":16},"end":{"line":40,"column":41}},"8":{"start":{"line":41,"column":4},"end":{"line":41,"column":15}},"9":{"start":{"line":48,"column":19},"end":{"line":52,"column":29}},"10":{"start":{"line":54,"column":21},"end":{"line":54,"column":44}},"11":{"start":{"line":55,"column":4},"end":{"line":55,"column":20}},"12":{"start":{"line":63,"column":21},"end":{"line":67,"column":29}},"13":{"start":{"line":69,"column":4},"end":{"line":69,"column":37}},"14":{"start":{"line":72,"column":21},"end":{"line":75,"column":29}},"15":{"start":{"line":77,"column":4},"end":{"line":77,"column":37}},"16":{"start":{"line":12,"column":0},"end":{"line":12,"column":13}}},"fnMap":{"0":{"name":"(anonymous_0)","decl":{"start":{"line":13,"column":2},"end":{"line":13,"column":null}},"loc":{"start":{"line":15,"column":45},"end":{"line":16,"column":6}}},"1":{"name":"(anonymous_1)","decl":{"start":{"line":18,"column":2},"end":{"line":18,"column":7}},"loc":{"start":{"line":20,"column":34},"end":{"line":28,"column":3}}},"2":{"name":"(anonymous_2)","decl":{"start":{"line":30,"column":2},"end":{"line":30,"column":7}},"loc":{"start":{"line":32,"column":34},"end":{"line":42,"column":3}}},"3":{"name":"(anonymous_3)","decl":{"start":{"line":44,"column":2},"end":{"line":44,"column":7}},"loc":{"start":{"line":46,"column":39},"end":{"line":56,"column":3}}},"4":{"name":"(anonymous_4)","decl":{"start":{"line":58,"column":2},"end":{"line":58,"column":7}},"loc":{"start":{"line":61,"column":34},"end":{"line":70,"column":3}}},"5":{"name":"(anonymous_5)","decl":{"start":{"line":71,"column":2},"end":{"line":71,"column":7}},"loc":{"start":{"line":71,"column":59},"end":{"line":78,"column":3}}}},"branchMap":{"0":{"loc":{"start":{"line":15,"column":21},"end":{"line":15,"column":45}},"type":"default-arg","locations":[{"start":{"line":15,"column":43},"end":{"line":15,"column":45}}]},"1":{"loc":{"start":{"line":19,"column":4},"end":{"line":19,"column":21}},"type":"default-arg","locations":[{"start":{"line":19,"column":19},"end":{"line":19,"column":21}}]},"2":{"loc":{"start":{"line":20,"column":4},"end":{"line":20,"column":34}},"type":"default-arg","locations":[{"start":{"line":20,"column":21},"end":{"line":20,"column":34}}]},"3":{"loc":{"start":{"line":31,"column":4},"end":{"line":31,"column":40}},"type":"default-arg","locations":[{"start":{"line":31,"column":38},"end":{"line":31,"column":40}}]},"4":{"loc":{"start":{"line":32,"column":4},"end":{"line":32,"column":34}},"type":"default-arg","locations":[{"start":{"line":32,"column":21},"end":{"line":32,"column":34}}]},"5":{"loc":{"start":{"line":46,"column":4},"end":{"line":46,"column":39}},"type":"default-arg","locations":[{"start":{"line":46,"column":21},"end":{"line":46,"column":39}}]},"6":{"loc":{"start":{"line":61,"column":4},"end":{"line":61,"column":34}},"type":"default-arg","locations":[{"start":{"line":61,"column":21},"end":{"line":61,"column":34}}]},"7":{"loc":{"start":{"line":71,"column":29},"end":{"line":71,"column":59}},"type":"default-arg","locations":[{"start":{"line":71,"column":46},"end":{"line":71,"column":59}}]}},"s":{"0":1,"1":1,"2":16,"3":16,"4":1,"5":1,"6":10,"7":10,"8":10,"9":1,"10":1,"11":1,"12":6,"13":6,"14":1,"15":1,"16":1},"f":{"0":16,"1":1,"2":10,"3":1,"4":6,"5":1},"b":{"0":[16],"1":[0],"2":[1],"3":[4],"4":[10],"5":[1],"6":[6],"7":[1]}}}